Using pre-set license
Built from '2022.3/respin/2022.3.62f2-4af31df585-v2' branch; Version is '2022.3.62f3 (96770f904ca7) revision 9860879'; Using compiler version '192829333'; Build Type 'Release'
OS: 'Windows 11  (10.0.26200) 64bit Professional' Language: 'en' Physical Memory: 16123 MB
BatchMode: 1, IsHumanControllingUs: 0, StartBugReporterOnCrash: 0, Is64bit: 1, IsPro: 1

COMMAND LINE ARGUMENTS:
D:\Work\UnityEditors\2022.3.62f3\Editor\Unity.exe
-adb2
-batchMode
-noUpm
-name
AssetImportWorker1
-projectPath
D:/Work/UnityProjects/KingdomsAtDuskU202212-19pm
-logFile
Logs/AssetImportWorker1.log
-srvPort
4351
Successfully changed project path to: D:/Work/UnityProjects/KingdomsAtDuskU202212-19pm
D:/Work/UnityProjects/KingdomsAtDuskU202212-19pm
[UnityMemory] Configuration Parameters - Can be set up in boot.config
    "memorysetup-bucket-allocator-granularity=16"
    "memorysetup-bucket-allocator-bucket-count=8"
    "memorysetup-bucket-allocator-block-size=33554432"
    "memorysetup-bucket-allocator-block-count=8"
    "memorysetup-main-allocator-block-size=16777216"
    "memorysetup-thread-allocator-block-size=16777216"
    "memorysetup-gfx-main-allocator-block-size=16777216"
    "memorysetup-gfx-thread-allocator-block-size=16777216"
    "memorysetup-cache-allocator-block-size=4194304"
    "memorysetup-typetree-allocator-block-size=2097152"
    "memorysetup-profiler-bucket-allocator-granularity=16"
    "memorysetup-profiler-bucket-allocator-bucket-count=8"
    "memorysetup-profiler-bucket-allocator-block-size=33554432"
    "memorysetup-profiler-bucket-allocator-block-count=8"
    "memorysetup-profiler-allocator-block-size=16777216"
    "memorysetup-profiler-editor-allocator-block-size=1048576"
    "memorysetup-temp-allocator-size-main=16777216"
    "memorysetup-job-temp-allocator-block-size=2097152"
    "memorysetup-job-temp-allocator-block-size-background=1048576"
    "memorysetup-job-temp-allocator-reduction-small-platforms=262144"
    "memorysetup-allocator-temp-initial-block-size-main=262144"
    "memorysetup-allocator-temp-initial-block-size-worker=262144"
    "memorysetup-temp-allocator-size-background-worker=32768"
    "memorysetup-temp-allocator-size-job-worker=262144"
    "memorysetup-temp-allocator-size-preload-manager=33554432"
    "memorysetup-temp-allocator-size-nav-mesh-worker=65536"
    "memorysetup-temp-allocator-size-audio-worker=65536"
    "memorysetup-temp-allocator-size-cloud-worker=32768"
    "memorysetup-temp-allocator-size-gi-baking-worker=262144"
    "memorysetup-temp-allocator-size-gfx=262144"
Player connection [19348]  Target information:

Player connection [19348]  * "[IP] 192.168.1.6 [Port] 0 [Flags] 2 [Guid] 1463479030 [EditorId] 1463479030 [Version] 1048832 [Id] WindowsEditor(7,YoussefRabea) [Debug] 1 [PackageName] WindowsEditor [ProjectName] Editor" 

Player connection [19348] Host joined multi-casting on [225.0.0.222:54997]...
Player connection [19348] Host joined alternative multi-casting on [225.0.0.222:34997]...
Input System module state changed to: Initialized.
[PhysX] Initialized MultithreadedTaskDispatcher with 32 workers.
Refreshing native plugins compatible for Editor in 53.81 ms, found 0 plugins.
Preloading 0 native plugins for Editor in 0.00 ms.
Initialize engine version: 2022.3.62f3 (96770f904ca7)
[Subsystems] Discovering subsystems at path D:/Work/UnityEditors/2022.3.62f3/Editor/Data/Resources/UnitySubsystems
[Subsystems] Discovering subsystems at path D:/Work/UnityProjects/KingdomsAtDuskU202212-19pm/Assets
GfxDevice: creating device client; threaded=0; jobified=0
Direct3D:
    Version:  Direct3D 11.0 [level 11.1]
    Renderer: NVIDIA GeForce RTX 4050 Laptop GPU (ID=0x28e1)
    Vendor:   NVIDIA
    VRAM:     5921 MB
    Driver:   32.0.15.8157
Initialize mono
Mono path[0] = 'D:/Work/UnityEditors/2022.3.62f3/Editor/Data/Managed'
Mono path[1] = 'D:/Work/UnityEditors/2022.3.62f3/Editor/Data/MonoBleedingEdge/lib/mono/unityjit-win32'
Mono config path = 'D:/Work/UnityEditors/2022.3.62f3/Editor/Data/MonoBleedingEdge/etc'
Using monoOptions --debugger-agent=transport=dt_socket,embedding=1,server=y,suspend=n,address=127.0.0.1:56080
Begin MonoManager ReloadAssembly
Registering precompiled unity dll's ...
Register platform support module: D:/Work/UnityEditors/2022.3.62f3/Editor/Data/PlaybackEngines/WindowsStandaloneSupport/UnityEditor.WindowsStandalone.Extensions.dll
Registered in 0.010331 seconds.
- Loaded All Assemblies, in  0.607 seconds
Native extension for WindowsStandalone target not found
Mono: successfully reloaded assembly
- Finished resetting the current domain, in  0.166 seconds
Domain Reload Profiling: 774ms
	BeginReloadAssembly (354ms)
		ExecutionOrderSort (0ms)
		DisableScriptedObjects (0ms)
		BackupInstance (0ms)
		ReleaseScriptingObjects (0ms)
		CreateAndSetChildDomain (1ms)
	RebuildCommonClasses (55ms)
	RebuildNativeTypeToScriptingClass (6ms)
	initialDomainReloadingComplete (39ms)
	LoadAllAssembliesAndSetupDomain (153ms)
		LoadAssemblies (353ms)
		RebuildTransferFunctionScriptingTraits (0ms)
		AnalyzeDomain (153ms)
			TypeCache.Refresh (152ms)
				TypeCache.ScanAssembly (130ms)
			ScanForSourceGeneratedMonoScriptInfo (0ms)
			ResolveRequiredComponents (0ms)
	FinalizeReload (166ms)
		ReleaseScriptCaches (0ms)
		RebuildScriptCaches (0ms)
		SetupLoadedEditorAssemblies (139ms)
			LogAssemblyErrors (0ms)
			InitializePlatformSupportModulesInManaged (6ms)
			SetLoadedEditorAssemblies (5ms)
			RefreshPlugins (0ms)
			BeforeProcessingInitializeOnLoad (1ms)
			ProcessInitializeOnLoadAttributes (92ms)
			ProcessInitializeOnLoadMethodAttributes (35ms)
			AfterProcessingInitializeOnLoad (0ms)
			EditorAssembliesLoaded (0ms)
		ExecutionOrderSort2 (0ms)
		AwakeInstancesAfterBackupRestoration (0ms)
========================================================================
Worker process is ready to serve import requests
Caller must complete domain reload
0x00007ff78c3f9e7d (Unity) StackWalker::GetCurrentCallstack
0x00007ff78c3fef59 (Unity) StackWalker::ShowCallstack
0x00007ff78d3be361 (Unity) GetStacktrace
0x00007ff78da7013e (Unity) DebugStringToFile
0x00007ff78da6fe7a (Unity) AssertImplementation
0x00007ff78d2635ec (Unity) Internal_ADB_WorkerOnly_DomainReload
0x00007ff78d73bc34 (Unity) WorkerDomainReloadV2
0x00007ff78d75c33f (Unity) <lambda_bd9feab06dbba294185f397e54dade9c>::operator()
0x00007ff78d798812 (Unity) asio::detail::completion_handler<core::mutable_function<void __cdecl(void)>,asio::io_context::basic_executor_type<std::allocator<void>,0> >::do_complete
0x00007ff78d7847be (Unity) asio::detail::win_iocp_io_context::do_one
0x00007ff78d7863ee (Unity) asio::detail::win_iocp_io_context::run
0x00007ff78d796bbc (Unity) IOService::Run
0x00007ff78d769fff (Unity) AssetImportWorkerClient::Run
0x00007ff78d7357e7 (Unity) RunAssetImportWorkerClientV2
0x00007ff78d73586b (Unity) RunAssetImporterV2
0x00007ff78cf4de2e (Unity) Application::InitializeProject
0x00007ff78d3c9015 (Unity) WinMain
0x00007ff78e78b3ee (Unity) __scrt_common_main_seh
0x00007fff181ae8d7 (KERNEL32) BaseThreadInitThunk
0x00007fff18b2c53c (ntdll) RtlUserThreadStart

Begin MonoManager ReloadAssembly
Symbol file LoadedFromMemory is not a mono symbol file
- Loaded All Assemblies, in  1.195 seconds
Native extension for WindowsStandalone target not found
Mono: successfully reloaded assembly
- Finished resetting the current domain, in  0.448 seconds
Domain Reload Profiling: 1644ms
	BeginReloadAssembly (99ms)
		ExecutionOrderSort (0ms)
		DisableScriptedObjects (3ms)
		BackupInstance (0ms)
		ReleaseScriptingObjects (0ms)
		CreateAndSetChildDomain (15ms)
	RebuildCommonClasses (24ms)
	RebuildNativeTypeToScriptingClass (8ms)
	initialDomainReloadingComplete (26ms)
	LoadAllAssembliesAndSetupDomain (1039ms)
		LoadAssemblies (968ms)
		RebuildTransferFunctionScriptingTraits (0ms)
		AnalyzeDomain (127ms)
			TypeCache.Refresh (102ms)
				TypeCache.ScanAssembly (90ms)
			ScanForSourceGeneratedMonoScriptInfo (16ms)
			ResolveRequiredComponents (7ms)
	FinalizeReload (448ms)
		ReleaseScriptCaches (0ms)
		RebuildScriptCaches (0ms)
		SetupLoadedEditorAssemblies (335ms)
			LogAssemblyErrors (0ms)
			InitializePlatformSupportModulesInManaged (4ms)
			SetLoadedEditorAssemblies (4ms)
			RefreshPlugins (0ms)
			BeforeProcessingInitializeOnLoad (51ms)
			ProcessInitializeOnLoadAttributes (162ms)
			ProcessInitializeOnLoadMethodAttributes (113ms)
			AfterProcessingInitializeOnLoad (2ms)
			EditorAssembliesLoaded (0ms)
		ExecutionOrderSort2 (0ms)
		AwakeInstancesAfterBackupRestoration (5ms)
Launched and connected shader compiler UnityShaderCompiler.exe after 0.04 seconds
Refreshing native plugins compatible for Editor in 0.75 ms, found 0 plugins.
Preloading 0 native plugins for Editor in 0.00 ms.
Unloading 4354 Unused Serialized files (Serialized files now loaded: 0)
Unloading 20 unused Assets / (423.6 KB). Loaded Objects now: 4834.
Memory consumption went from 201.5 MB to 201.1 MB.
Total: 4.007700 ms (FindLiveObjects: 0.239000 ms CreateObjectMapping: 0.084200 ms MarkObjects: 3.516900 ms  DeleteObjects: 0.166600 ms)

AssetImportParameters requested are different than current active one (requested -> active):
  custom:container-demuxer-ogg: 62fdf1f143b41e24485cea50d1cbac27 -> 
  custom:video-codec-MediaFoundation-h265: 746d11721c4dcdbdad8f713fa42b33f4 -> 
  custom:video-decoder-ogg-theora: a1e56fd34408186e4bbccfd4996cb3dc -> 
  custom:framework-win-MediaFoundation: 216162199b28c13a410421893ffa2e32 -> 
  custom:CustomObjectIndexerAttribute: 72b91833f83ae208fae7752999fa3104 -> 
  custom:container-demuxer-webm: 4f35f7cbe854078d1ac9338744f61a02 -> 
  custom:container-muxer-webm: aa71ff27fc2769a1b78a27578f13a17b -> 
  custom:video-decoder-webm-vp8: 9c59270c3fd7afecdb556c50c9e8de78 -> 
  custom:SearchIndexIgnoredProperties: e643bd26f0fe6173181afceb89e7c659 -> 
  custom:AudioImporter_EditorPlatform: d09bf68614088b80899f8185d706f6e7 -> 
  custom:video-encoder-webm-vp8: eb34c28f22e8b96e1ab97ce403110664 -> 
  custom:audio-decoder-ogg-vorbis: bf7c407c2cedff20999df2af8eb42d56 -> 
  custom:audio-encoder-webm-vorbis: bf7c407c2cedff20999df2af8eb42d56 -> 
========================================================================
Received Prepare
Caller must complete domain reload
0x00007ff78c3f9e7d (Unity) StackWalker::GetCurrentCallstack
0x00007ff78c3fef59 (Unity) StackWalker::ShowCallstack
0x00007ff78d3be361 (Unity) GetStacktrace
0x00007ff78da7013e (Unity) DebugStringToFile
0x00007ff78da6fe7a (Unity) AssertImplementation
0x00007ff78d2635ec (Unity) Internal_ADB_WorkerOnly_DomainReload
0x00007ff78d73bc34 (Unity) WorkerDomainReloadV2
0x00007ff78d75bd95 (Unity) <lambda_a753820fe7e089d32000383f09f6e370>::operator()
0x00007ff78d798812 (Unity) asio::detail::completion_handler<core::mutable_function<void __cdecl(void)>,asio::io_context::basic_executor_type<std::allocator<void>,0> >::do_complete
0x00007ff78d7847be (Unity) asio::detail::win_iocp_io_context::do_one
0x00007ff78d786424 (Unity) asio::detail::win_iocp_io_context::run
0x00007ff78d796bbc (Unity) IOService::Run
0x00007ff78d769fff (Unity) AssetImportWorkerClient::Run
0x00007ff78d7357e7 (Unity) RunAssetImportWorkerClientV2
0x00007ff78d73586b (Unity) RunAssetImporterV2
0x00007ff78cf4de2e (Unity) Application::InitializeProject
0x00007ff78d3c9015 (Unity) WinMain
0x00007ff78e78b3ee (Unity) __scrt_common_main_seh
0x00007fff181ae8d7 (KERNEL32) BaseThreadInitThunk
0x00007fff18b2c53c (ntdll) RtlUserThreadStart

Begin MonoManager ReloadAssembly
Symbol file LoadedFromMemory is not a mono symbol file
- Loaded All Assemblies, in  0.302 seconds
UnityException: FindObjectsOfTypeAll is not allowed to be called during serialization, call it from OnEnable instead. Called from ScriptableObject 'ServicesContainer'.
See "Script Serialization" page in the Unity Manual for further details.
  at (wrapper managed-to-native) UnityEngine.ResourcesAPIInternal.FindObjectsOfTypeAll(System.Type)
  at UnityEngine.ResourcesAPI.FindObjectsOfTypeAll (System.Type systemTypeInstance) [0x00000] in <37cc348edc804f4cb176b63962c716e7>:0 
  at UnityEngine.Resources.FindObjectsOfTypeAll (System.Type type) [0x00006] in <37cc348edc804f4cb176b63962c716e7>:0 
  at Unity.AssetManager.UI.Editor.ProjectWindowProxy.FindProjectWindow () [0x00019] in .\Library\PackageCache\com.unity.asset-manager-for-unity@1.9.0\Editor\UI\ProjectWindowOverlays\ProjectWindowProxy.cs:30 
  at Unity.AssetManager.UI.Editor.ProjectWindowProxy.Repaint () [0x00000] in .\Library\PackageCache\com.unity.asset-manager-for-unity@1.9.0\Editor\UI\ProjectWindowOverlays\ProjectWindowProxy.cs:19 
  at Unity.AssetManager.UI.Editor.ProjectWindowIconOverlay.OnAfterDeserialize () [0x0004b] in .\Library\PackageCache\com.unity.asset-manager-for-unity@1.9.0\Editor\UI\ProjectWindowOverlays\ProjectWindowIconOverlay.cs:143 

(Filename: ./Library/PackageCache/com.unity.asset-manager-for-unity@1.9.0/Editor/UI/ProjectWindowOverlays/ProjectWindowProxy.cs Line: 30)

Native extension for WindowsStandalone target not found
Mono: successfully reloaded assembly
- Finished resetting the current domain, in  0.684 seconds
Domain Reload Profiling: 987ms
	BeginReloadAssembly (120ms)
		ExecutionOrderSort (0ms)
		DisableScriptedObjects (4ms)
		BackupInstance (0ms)
		ReleaseScriptingObjects (0ms)
		CreateAndSetChildDomain (23ms)
	RebuildCommonClasses (24ms)
	RebuildNativeTypeToScriptingClass (8ms)
	initialDomainReloadingComplete (17ms)
	LoadAllAssembliesAndSetupDomain (133ms)
		LoadAssemblies (175ms)
		RebuildTransferFunctionScriptingTraits (0ms)
		AnalyzeDomain (15ms)
			TypeCache.Refresh (5ms)
				TypeCache.ScanAssembly (0ms)
			ScanForSourceGeneratedMonoScriptInfo (0ms)
			ResolveRequiredComponents (8ms)
	FinalizeReload (685ms)
		ReleaseScriptCaches (0ms)
		RebuildScriptCaches (0ms)
		SetupLoadedEditorAssemblies (274ms)
			LogAssemblyErrors (0ms)
			InitializePlatformSupportModulesInManaged (4ms)
			SetLoadedEditorAssemblies (2ms)
			RefreshPlugins (0ms)
			BeforeProcessingInitializeOnLoad (45ms)
			ProcessInitializeOnLoadAttributes (158ms)
			ProcessInitializeOnLoadMethodAttributes (63ms)
			AfterProcessingInitializeOnLoad (2ms)
			EditorAssembliesLoaded (0ms)
		ExecutionOrderSort2 (0ms)
		AwakeInstancesAfterBackupRestoration (13ms)
Refreshing native plugins compatible for Editor in 0.87 ms, found 0 plugins.
Preloading 0 native plugins for Editor in 0.00 ms.
Unloading 4173 Unused Serialized files (Serialized files now loaded: 0)
Unloading 12 unused Assets / (389.7 KB). Loaded Objects now: 4838.
Memory consumption went from 169.0 MB to 168.6 MB.
Total: 2.992000 ms (FindLiveObjects: 0.298600 ms CreateObjectMapping: 0.078400 ms MarkObjects: 2.452900 ms  DeleteObjects: 0.160200 ms)

Prepare: number of updated asset objects reloaded= 0
AssetImportParameters requested are different than current active one (requested -> active):
  custom:container-demuxer-ogg: 62fdf1f143b41e24485cea50d1cbac27 -> 
  custom:video-codec-MediaFoundation-h265: 746d11721c4dcdbdad8f713fa42b33f4 -> 
  custom:video-decoder-ogg-theora: a1e56fd34408186e4bbccfd4996cb3dc -> 
  custom:framework-win-MediaFoundation: 216162199b28c13a410421893ffa2e32 -> 
  custom:CustomObjectIndexerAttribute: 72b91833f83ae208fae7752999fa3104 -> 
  custom:container-demuxer-webm: 4f35f7cbe854078d1ac9338744f61a02 -> 
  custom:container-muxer-webm: aa71ff27fc2769a1b78a27578f13a17b -> 
  custom:video-decoder-webm-vp8: 9c59270c3fd7afecdb556c50c9e8de78 -> 
  custom:SearchIndexIgnoredProperties: e643bd26f0fe6173181afceb89e7c659 -> 
  custom:AudioImporter_EditorPlatform: d09bf68614088b80899f8185d706f6e7 -> 
  custom:video-encoder-webm-vp8: eb34c28f22e8b96e1ab97ce403110664 -> 
  custom:audio-decoder-ogg-vorbis: bf7c407c2cedff20999df2af8eb42d56 -> 
  custom:audio-encoder-webm-vorbis: bf7c407c2cedff20999df2af8eb42d56 -> 
========================================================================
Received Import Request.
  Time since last request: 164660.995893 seconds.
  path: Assets/AOSFogWar/Demo/Demo_URP.unity
  artifactKey: Guid(1b6f4d1e4e7b3b84ab3f257c88aaeca9) Importer(815301076,1909f56bfc062723c751e8b465ee728b)
Start importing Assets/AOSFogWar/Demo/Demo_URP.unity using Guid(1b6f4d1e4e7b3b84ab3f257c88aaeca9) Importer(815301076,1909f56bfc062723c751e8b465ee728b) [PhysX] Initialized MultithreadedTaskDispatcher with 32 workers.
 -> (artifact id: '01f51794be6b3c7e877a299265935deb') in 0.009088 seconds
Number of updated asset objects reloaded before import = 0
Number of asset objects unloaded after import = 0
========================================================================
Received Import Request.
  Time since last request: 38.602881 seconds.
  path: Assets/Scenes/ProtoTypeMG/NavMesh-Terrain_(-100.0, 0.0, -73.1).asset
  artifactKey: Guid(ad8f9ef4a170aa34e8b92478764af22a) Importer(815301076,1909f56bfc062723c751e8b465ee728b)
Start importing Assets/Scenes/ProtoTypeMG/NavMesh-Terrain_(-100.0, 0.0, -73.1).asset using Guid(ad8f9ef4a170aa34e8b92478764af22a) Importer(815301076,1909f56bfc062723c751e8b465ee728b) [PhysX] Initialized MultithreadedTaskDispatcher with 32 workers.
 -> (artifact id: '01c8a5aa07465eb14ab3dc7883f045a6') in 0.005960 seconds
Number of updated asset objects reloaded before import = 0
Number of asset objects unloaded after import = 1
========================================================================
Received Import Request.
  Time since last request: 0.007827 seconds.
  path: Assets/Scenes/ProtoTypeMG/NavMesh-Terrain_(0.0, 0.0, -73.1).asset
  artifactKey: Guid(5c92248ecdac2184f911ad6728e47a3d) Importer(815301076,1909f56bfc062723c751e8b465ee728b)
Start importing Assets/Scenes/ProtoTypeMG/NavMesh-Terrain_(0.0, 0.0, -73.1).asset using Guid(5c92248ecdac2184f911ad6728e47a3d) Importer(815301076,1909f56bfc062723c751e8b465ee728b) [PhysX] Initialized MultithreadedTaskDispatcher with 32 workers.
 -> (artifact id: 'c07509d067d13de798a2a029044ef8e2') in 0.000614 seconds
Number of updated asset objects reloaded before import = 0
Number of asset objects unloaded after import = 1
========================================================================
Received Import Request.
  Time since last request: 0.018347 seconds.
  path: Assets/Scenes/ProtoTypeMG/ProtoType Baking Set.asset
  artifactKey: Guid(42a7ce7e1760e184eade2729b6e1a810) Importer(815301076,1909f56bfc062723c751e8b465ee728b)
Start importing Assets/Scenes/ProtoTypeMG/ProtoType Baking Set.asset using Guid(42a7ce7e1760e184eade2729b6e1a810) Importer(815301076,1909f56bfc062723c751e8b465ee728b) [PhysX] Initialized MultithreadedTaskDispatcher with 32 workers.
 -> (artifact id: 'bbe5d4609d27d01f639603008ea9c05a') in 0.002014 seconds
Number of updated asset objects reloaded before import = 0
Number of asset objects unloaded after import = 1
========================================================================
Received Import Request.
  Time since last request: 3.501735 seconds.
  path: Assets/Scenes/SampleSceneMG/NavMesh-Plane (1).asset
  artifactKey: Guid(439d070ee458b9745a9dfd5e954987ff) Importer(815301076,1909f56bfc062723c751e8b465ee728b)
Start importing Assets/Scenes/SampleSceneMG/NavMesh-Plane (1).asset using Guid(439d070ee458b9745a9dfd5e954987ff) Importer(815301076,1909f56bfc062723c751e8b465ee728b) [PhysX] Initialized MultithreadedTaskDispatcher with 32 workers.
 -> (artifact id: '5a785fbe476cb0d9bf7c8ef000bdb95a') in 0.000637 seconds
Number of updated asset objects reloaded before import = 0
Number of asset objects unloaded after import = 1
========================================================================
Received Import Request.
  Time since last request: 0.000011 seconds.
  path: Assets/Scenes/SampleSceneMG/NavMesh-Plane (2) 1.asset
  artifactKey: Guid(afabfc90acd13b5478b3874694d1fc41) Importer(815301076,1909f56bfc062723c751e8b465ee728b)
Start importing Assets/Scenes/SampleSceneMG/NavMesh-Plane (2) 1.asset using Guid(afabfc90acd13b5478b3874694d1fc41) Importer(815301076,1909f56bfc062723c751e8b465ee728b) [PhysX] Initialized MultithreadedTaskDispatcher with 32 workers.
 -> (artifact id: '5b77341ab7d224b6d476e0ba6d58c3b8') in 0.000575 seconds
Number of updated asset objects reloaded before import = 0
Number of asset objects unloaded after import = 1
========================================================================
Received Import Request.
  Time since last request: 0.000011 seconds.
  path: Assets/Scenes/SampleSceneMG/NavMesh-Plane (3) 1.asset
  artifactKey: Guid(bf51bfd83198a8e4c910fcfe052f2be2) Importer(815301076,1909f56bfc062723c751e8b465ee728b)
Start importing Assets/Scenes/SampleSceneMG/NavMesh-Plane (3) 1.asset using Guid(bf51bfd83198a8e4c910fcfe052f2be2) Importer(815301076,1909f56bfc062723c751e8b465ee728b) [PhysX] Initialized MultithreadedTaskDispatcher with 32 workers.
 -> (artifact id: 'a048eae1b7855cd57e22107e2a17f137') in 0.001016 seconds
Number of updated asset objects reloaded before import = 0
Number of asset objects unloaded after import = 1
========================================================================
Received Prepare
Caller must complete domain reload
0x00007ff78c3f9e7d (Unity) StackWalker::GetCurrentCallstack
0x00007ff78c3fef59 (Unity) StackWalker::ShowCallstack
0x00007ff78d3be361 (Unity) GetStacktrace
0x00007ff78da7013e (Unity) DebugStringToFile
0x00007ff78da6fe7a (Unity) AssertImplementation
0x00007ff78d2635ec (Unity) Internal_ADB_WorkerOnly_DomainReload
0x00007ff78d73bc34 (Unity) WorkerDomainReloadV2
0x00007ff78d75bd95 (Unity) <lambda_a753820fe7e089d32000383f09f6e370>::operator()
0x00007ff78d798812 (Unity) asio::detail::completion_handler<core::mutable_function<void __cdecl(void)>,asio::io_context::basic_executor_type<std::allocator<void>,0> >::do_complete
0x00007ff78d7847be (Unity) asio::detail::win_iocp_io_context::do_one
0x00007ff78d786424 (Unity) asio::detail::win_iocp_io_context::run
0x00007ff78d796bbc (Unity) IOService::Run
0x00007ff78d769fff (Unity) AssetImportWorkerClient::Run
0x00007ff78d7357e7 (Unity) RunAssetImportWorkerClientV2
0x00007ff78d73586b (Unity) RunAssetImporterV2
0x00007ff78cf4de2e (Unity) Application::InitializeProject
0x00007ff78d3c9015 (Unity) WinMain
0x00007ff78e78b3ee (Unity) __scrt_common_main_seh
0x00007fff181ae8d7 (KERNEL32) BaseThreadInitThunk
0x00007fff18b2c53c (ntdll) RtlUserThreadStart

Begin MonoManager ReloadAssembly
Symbol file LoadedFromMemory is not a mono symbol file
- Loaded All Assemblies, in  0.266 seconds
UnityException: FindObjectsOfTypeAll is not allowed to be called during serialization, call it from OnEnable instead. Called from ScriptableObject 'ServicesContainer'.
See "Script Serialization" page in the Unity Manual for further details.
  at (wrapper managed-to-native) UnityEngine.ResourcesAPIInternal.FindObjectsOfTypeAll(System.Type)
  at UnityEngine.ResourcesAPI.FindObjectsOfTypeAll (System.Type systemTypeInstance) [0x00000] in <37cc348edc804f4cb176b63962c716e7>:0 
  at UnityEngine.Resources.FindObjectsOfTypeAll (System.Type type) [0x00006] in <37cc348edc804f4cb176b63962c716e7>:0 
  at Unity.AssetManager.UI.Editor.ProjectWindowProxy.FindProjectWindow () [0x00019] in .\Library\PackageCache\com.unity.asset-manager-for-unity@1.9.0\Editor\UI\ProjectWindowOverlays\ProjectWindowProxy.cs:30 
  at Unity.AssetManager.UI.Editor.ProjectWindowProxy.Repaint () [0x00000] in .\Library\PackageCache\com.unity.asset-manager-for-unity@1.9.0\Editor\UI\ProjectWindowOverlays\ProjectWindowProxy.cs:19 
  at Unity.AssetManager.UI.Editor.ProjectWindowIconOverlay.OnAfterDeserialize () [0x0004b] in .\Library\PackageCache\com.unity.asset-manager-for-unity@1.9.0\Editor\UI\ProjectWindowOverlays\ProjectWindowIconOverlay.cs:143 

(Filename: ./Library/PackageCache/com.unity.asset-manager-for-unity@1.9.0/Editor/UI/ProjectWindowOverlays/ProjectWindowProxy.cs Line: 30)

Native extension for WindowsStandalone target not found
Mono: successfully reloaded assembly
- Finished resetting the current domain, in  0.578 seconds
Domain Reload Profiling: 843ms
	BeginReloadAssembly (107ms)
		ExecutionOrderSort (0ms)
		DisableScriptedObjects (3ms)
		BackupInstance (0ms)
		ReleaseScriptingObjects (0ms)
		CreateAndSetChildDomain (21ms)
	RebuildCommonClasses (19ms)
	RebuildNativeTypeToScriptingClass (6ms)
	initialDomainReloadingComplete (15ms)
	LoadAllAssembliesAndSetupDomain (118ms)
		LoadAssemblies (162ms)
		RebuildTransferFunctionScriptingTraits (0ms)
		AnalyzeDomain (12ms)
			TypeCache.Refresh (5ms)
				TypeCache.ScanAssembly (0ms)
			ScanForSourceGeneratedMonoScriptInfo (0ms)
			ResolveRequiredComponents (7ms)
	FinalizeReload (578ms)
		ReleaseScriptCaches (0ms)
		RebuildScriptCaches (0ms)
		SetupLoadedEditorAssemblies (234ms)
			LogAssemblyErrors (0ms)
			InitializePlatformSupportModulesInManaged (4ms)
			SetLoadedEditorAssemblies (2ms)
			RefreshPlugins (0ms)
			BeforeProcessingInitializeOnLoad (45ms)
			ProcessInitializeOnLoadAttributes (132ms)
			ProcessInitializeOnLoadMethodAttributes (49ms)
			AfterProcessingInitializeOnLoad (1ms)
			EditorAssembliesLoaded (0ms)
		ExecutionOrderSort2 (0ms)
		AwakeInstancesAfterBackupRestoration (12ms)
Refreshing native plugins compatible for Editor in 0.80 ms, found 0 plugins.
Preloading 0 native plugins for Editor in 0.00 ms.
Unloading 4173 Unused Serialized files (Serialized files now loaded: 0)
Unloading 12 unused Assets / (397.9 KB). Loaded Objects now: 4843.
Memory consumption went from 169.0 MB to 168.7 MB.
Total: 2.485400 ms (FindLiveObjects: 0.292600 ms CreateObjectMapping: 0.094400 ms MarkObjects: 1.936600 ms  DeleteObjects: 0.160800 ms)

Prepare: number of updated asset objects reloaded= 0
AssetImportParameters requested are different than current active one (requested -> active):
  custom:container-demuxer-ogg: 62fdf1f143b41e24485cea50d1cbac27 -> 
  custom:video-codec-MediaFoundation-h265: 746d11721c4dcdbdad8f713fa42b33f4 -> 
  custom:video-decoder-ogg-theora: a1e56fd34408186e4bbccfd4996cb3dc -> 
  custom:framework-win-MediaFoundation: 216162199b28c13a410421893ffa2e32 -> 
  custom:CustomObjectIndexerAttribute: 72b91833f83ae208fae7752999fa3104 -> 
  custom:container-demuxer-webm: 4f35f7cbe854078d1ac9338744f61a02 -> 
  custom:container-muxer-webm: aa71ff27fc2769a1b78a27578f13a17b -> 
  custom:video-decoder-webm-vp8: 9c59270c3fd7afecdb556c50c9e8de78 -> 
  custom:SearchIndexIgnoredProperties: e643bd26f0fe6173181afceb89e7c659 -> 
  custom:AudioImporter_EditorPlatform: d09bf68614088b80899f8185d706f6e7 -> 
  custom:video-encoder-webm-vp8: eb34c28f22e8b96e1ab97ce403110664 -> 
  custom:audio-decoder-ogg-vorbis: bf7c407c2cedff20999df2af8eb42d56 -> 
  custom:audio-encoder-webm-vorbis: bf7c407c2cedff20999df2af8eb42d56 -> 
========================================================================
Received Prepare
Caller must complete domain reload
0x00007ff78c3f9e7d (Unity) StackWalker::GetCurrentCallstack
0x00007ff78c3fef59 (Unity) StackWalker::ShowCallstack
0x00007ff78d3be361 (Unity) GetStacktrace
0x00007ff78da7013e (Unity) DebugStringToFile
0x00007ff78da6fe7a (Unity) AssertImplementation
0x00007ff78d2635ec (Unity) Internal_ADB_WorkerOnly_DomainReload
0x00007ff78d73bc34 (Unity) WorkerDomainReloadV2
0x00007ff78d75bd95 (Unity) <lambda_a753820fe7e089d32000383f09f6e370>::operator()
0x00007ff78d798812 (Unity) asio::detail::completion_handler<core::mutable_function<void __cdecl(void)>,asio::io_context::basic_executor_type<std::allocator<void>,0> >::do_complete
0x00007ff78d7847be (Unity) asio::detail::win_iocp_io_context::do_one
0x00007ff78d786424 (Unity) asio::detail::win_iocp_io_context::run
0x00007ff78d796bbc (Unity) IOService::Run
0x00007ff78d769fff (Unity) AssetImportWorkerClient::Run
0x00007ff78d7357e7 (Unity) RunAssetImportWorkerClientV2
0x00007ff78d73586b (Unity) RunAssetImporterV2
0x00007ff78cf4de2e (Unity) Application::InitializeProject
0x00007ff78d3c9015 (Unity) WinMain
0x00007ff78e78b3ee (Unity) __scrt_common_main_seh
0x00007fff181ae8d7 (KERNEL32) BaseThreadInitThunk
0x00007fff18b2c53c (ntdll) RtlUserThreadStart

Begin MonoManager ReloadAssembly
Symbol file LoadedFromMemory is not a mono symbol file
- Loaded All Assemblies, in  0.264 seconds
UnityException: FindObjectsOfTypeAll is not allowed to be called during serialization, call it from OnEnable instead. Called from ScriptableObject 'ServicesContainer'.
See "Script Serialization" page in the Unity Manual for further details.
  at (wrapper managed-to-native) UnityEngine.ResourcesAPIInternal.FindObjectsOfTypeAll(System.Type)
  at UnityEngine.ResourcesAPI.FindObjectsOfTypeAll (System.Type systemTypeInstance) [0x00000] in <37cc348edc804f4cb176b63962c716e7>:0 
  at UnityEngine.Resources.FindObjectsOfTypeAll (System.Type type) [0x00006] in <37cc348edc804f4cb176b63962c716e7>:0 
  at Unity.AssetManager.UI.Editor.ProjectWindowProxy.FindProjectWindow () [0x00019] in .\Library\PackageCache\com.unity.asset-manager-for-unity@1.9.0\Editor\UI\ProjectWindowOverlays\ProjectWindowProxy.cs:30 
  at Unity.AssetManager.UI.Editor.ProjectWindowProxy.Repaint () [0x00000] in .\Library\PackageCache\com.unity.asset-manager-for-unity@1.9.0\Editor\UI\ProjectWindowOverlays\ProjectWindowProxy.cs:19 
  at Unity.AssetManager.UI.Editor.ProjectWindowIconOverlay.OnAfterDeserialize () [0x0004b] in .\Library\PackageCache\com.unity.asset-manager-for-unity@1.9.0\Editor\UI\ProjectWindowOverlays\ProjectWindowIconOverlay.cs:143 

(Filename: ./Library/PackageCache/com.unity.asset-manager-for-unity@1.9.0/Editor/UI/ProjectWindowOverlays/ProjectWindowProxy.cs Line: 30)

Native extension for WindowsStandalone target not found
Mono: successfully reloaded assembly
- Finished resetting the current domain, in  0.534 seconds
Domain Reload Profiling: 798ms
	BeginReloadAssembly (114ms)
		ExecutionOrderSort (0ms)
		DisableScriptedObjects (3ms)
		BackupInstance (0ms)
		ReleaseScriptingObjects (0ms)
		CreateAndSetChildDomain (17ms)
	RebuildCommonClasses (20ms)
	RebuildNativeTypeToScriptingClass (6ms)
	initialDomainReloadingComplete (14ms)
	LoadAllAssembliesAndSetupDomain (110ms)
		LoadAssemblies (164ms)
		RebuildTransferFunctionScriptingTraits (0ms)
		AnalyzeDomain (12ms)
			TypeCache.Refresh (5ms)
				TypeCache.ScanAssembly (0ms)
			ScanForSourceGeneratedMonoScriptInfo (0ms)
			ResolveRequiredComponents (6ms)
	FinalizeReload (535ms)
		ReleaseScriptCaches (0ms)
		RebuildScriptCaches (0ms)
		SetupLoadedEditorAssemblies (221ms)
			LogAssemblyErrors (0ms)
			InitializePlatformSupportModulesInManaged (3ms)
			SetLoadedEditorAssemblies (2ms)
			RefreshPlugins (0ms)
			BeforeProcessingInitializeOnLoad (38ms)
			ProcessInitializeOnLoadAttributes (126ms)
			ProcessInitializeOnLoadMethodAttributes (51ms)
			AfterProcessingInitializeOnLoad (1ms)
			EditorAssembliesLoaded (0ms)
		ExecutionOrderSort2 (0ms)
		AwakeInstancesAfterBackupRestoration (10ms)
Refreshing native plugins compatible for Editor in 0.86 ms, found 0 plugins.
Preloading 0 native plugins for Editor in 0.00 ms.
Unloading 4173 Unused Serialized files (Serialized files now loaded: 0)
Unloading 12 unused Assets / (398.0 KB). Loaded Objects now: 4847.
Memory consumption went from 169.1 MB to 168.7 MB.
Total: 3.295700 ms (FindLiveObjects: 0.181300 ms CreateObjectMapping: 0.058100 ms MarkObjects: 2.825000 ms  DeleteObjects: 0.230100 ms)

Prepare: number of updated asset objects reloaded= 0
AssetImportParameters requested are different than current active one (requested -> active):
  custom:container-demuxer-ogg: 62fdf1f143b41e24485cea50d1cbac27 -> 
  custom:video-codec-MediaFoundation-h265: 746d11721c4dcdbdad8f713fa42b33f4 -> 
  custom:video-decoder-ogg-theora: a1e56fd34408186e4bbccfd4996cb3dc -> 
  custom:framework-win-MediaFoundation: 216162199b28c13a410421893ffa2e32 -> 
  custom:CustomObjectIndexerAttribute: 72b91833f83ae208fae7752999fa3104 -> 
  custom:container-demuxer-webm: 4f35f7cbe854078d1ac9338744f61a02 -> 
  custom:container-muxer-webm: aa71ff27fc2769a1b78a27578f13a17b -> 
  custom:video-decoder-webm-vp8: 9c59270c3fd7afecdb556c50c9e8de78 -> 
  custom:SearchIndexIgnoredProperties: e643bd26f0fe6173181afceb89e7c659 -> 
  custom:AudioImporter_EditorPlatform: d09bf68614088b80899f8185d706f6e7 -> 
  custom:video-encoder-webm-vp8: eb34c28f22e8b96e1ab97ce403110664 -> 
  custom:audio-decoder-ogg-vorbis: bf7c407c2cedff20999df2af8eb42d56 -> 
  custom:audio-encoder-webm-vorbis: bf7c407c2cedff20999df2af8eb42d56 -> 
========================================================================
Received Prepare
Caller must complete domain reload
0x00007ff78c3f9e7d (Unity) StackWalker::GetCurrentCallstack
0x00007ff78c3fef59 (Unity) StackWalker::ShowCallstack
0x00007ff78d3be361 (Unity) GetStacktrace
0x00007ff78da7013e (Unity) DebugStringToFile
0x00007ff78da6fe7a (Unity) AssertImplementation
0x00007ff78d2635ec (Unity) Internal_ADB_WorkerOnly_DomainReload
0x00007ff78d73bc34 (Unity) WorkerDomainReloadV2
0x00007ff78d75bd95 (Unity) <lambda_a753820fe7e089d32000383f09f6e370>::operator()
0x00007ff78d798812 (Unity) asio::detail::completion_handler<core::mutable_function<void __cdecl(void)>,asio::io_context::basic_executor_type<std::allocator<void>,0> >::do_complete
0x00007ff78d7847be (Unity) asio::detail::win_iocp_io_context::do_one
0x00007ff78d786424 (Unity) asio::detail::win_iocp_io_context::run
0x00007ff78d796bbc (Unity) IOService::Run
0x00007ff78d769fff (Unity) AssetImportWorkerClient::Run
0x00007ff78d7357e7 (Unity) RunAssetImportWorkerClientV2
0x00007ff78d73586b (Unity) RunAssetImporterV2
0x00007ff78cf4de2e (Unity) Application::InitializeProject
0x00007ff78d3c9015 (Unity) WinMain
0x00007ff78e78b3ee (Unity) __scrt_common_main_seh
0x00007fff181ae8d7 (KERNEL32) BaseThreadInitThunk
0x00007fff18b2c53c (ntdll) RtlUserThreadStart

Begin MonoManager ReloadAssembly
Symbol file LoadedFromMemory is not a mono symbol file
- Loaded All Assemblies, in  1.389 seconds
UnityException: FindObjectsOfTypeAll is not allowed to be called during serialization, call it from OnEnable instead. Called from ScriptableObject 'ServicesContainer'.
See "Script Serialization" page in the Unity Manual for further details.
  at (wrapper managed-to-native) UnityEngine.ResourcesAPIInternal.FindObjectsOfTypeAll(System.Type)
  at UnityEngine.ResourcesAPI.FindObjectsOfTypeAll (System.Type systemTypeInstance) [0x00000] in <37cc348edc804f4cb176b63962c716e7>:0 
  at UnityEngine.Resources.FindObjectsOfTypeAll (System.Type type) [0x00006] in <37cc348edc804f4cb176b63962c716e7>:0 
  at Unity.AssetManager.UI.Editor.ProjectWindowProxy.FindProjectWindow () [0x00019] in .\Library\PackageCache\com.unity.asset-manager-for-unity@1.9.0\Editor\UI\ProjectWindowOverlays\ProjectWindowProxy.cs:30 
  at Unity.AssetManager.UI.Editor.ProjectWindowProxy.Repaint () [0x00000] in .\Library\PackageCache\com.unity.asset-manager-for-unity@1.9.0\Editor\UI\ProjectWindowOverlays\ProjectWindowProxy.cs:19 
  at Unity.AssetManager.UI.Editor.ProjectWindowIconOverlay.OnAfterDeserialize () [0x0004b] in .\Library\PackageCache\com.unity.asset-manager-for-unity@1.9.0\Editor\UI\ProjectWindowOverlays\ProjectWindowIconOverlay.cs:143 

(Filename: ./Library/PackageCache/com.unity.asset-manager-for-unity@1.9.0/Editor/UI/ProjectWindowOverlays/ProjectWindowProxy.cs Line: 30)

Native extension for WindowsStandalone target not found
Mono: successfully reloaded assembly
- Finished resetting the current domain, in  7.729 seconds
Domain Reload Profiling: 9114ms
	BeginReloadAssembly (426ms)
		ExecutionOrderSort (0ms)
		DisableScriptedObjects (15ms)
		BackupInstance (0ms)
		ReleaseScriptingObjects (0ms)
		CreateAndSetChildDomain (76ms)
	RebuildCommonClasses (98ms)
	RebuildNativeTypeToScriptingClass (30ms)
	initialDomainReloadingComplete (68ms)
	LoadAllAssembliesAndSetupDomain (762ms)
		LoadAssemblies (877ms)
		RebuildTransferFunctionScriptingTraits (0ms)
		AnalyzeDomain (128ms)
			TypeCache.Refresh (33ms)
				TypeCache.ScanAssembly (11ms)
			ScanForSourceGeneratedMonoScriptInfo (62ms)
			ResolveRequiredComponents (31ms)
	FinalizeReload (7730ms)
		ReleaseScriptCaches (0ms)
		RebuildScriptCaches (0ms)
		SetupLoadedEditorAssemblies (1134ms)
			LogAssemblyErrors (0ms)
			InitializePlatformSupportModulesInManaged (15ms)
			SetLoadedEditorAssemblies (9ms)
			RefreshPlugins (0ms)
			BeforeProcessingInitializeOnLoad (188ms)
			ProcessInitializeOnLoadAttributes (647ms)
			ProcessInitializeOnLoadMethodAttributes (266ms)
			AfterProcessingInitializeOnLoad (9ms)
			EditorAssembliesLoaded (1ms)
		ExecutionOrderSort2 (0ms)
		AwakeInstancesAfterBackupRestoration (60ms)
Refreshing native plugins compatible for Editor in 8.55 ms, found 0 plugins.
Preloading 0 native plugins for Editor in 0.00 ms.
Unloading 4173 Unused Serialized files (Serialized files now loaded: 0)
Unloading 12 unused Assets / (389.8 KB). Loaded Objects now: 4851.
Memory consumption went from 169.1 MB to 168.7 MB.
Total: 13.890500 ms (FindLiveObjects: 0.677000 ms CreateObjectMapping: 0.294900 ms MarkObjects: 12.470300 ms  DeleteObjects: 0.445800 ms)

Prepare: number of updated asset objects reloaded= 0
AssetImportParameters requested are different than current active one (requested -> active):
  custom:container-demuxer-ogg: 62fdf1f143b41e24485cea50d1cbac27 -> 
  custom:video-codec-MediaFoundation-h265: 746d11721c4dcdbdad8f713fa42b33f4 -> 
  custom:video-decoder-ogg-theora: a1e56fd34408186e4bbccfd4996cb3dc -> 
  custom:framework-win-MediaFoundation: 216162199b28c13a410421893ffa2e32 -> 
  custom:CustomObjectIndexerAttribute: 72b91833f83ae208fae7752999fa3104 -> 
  custom:container-demuxer-webm: 4f35f7cbe854078d1ac9338744f61a02 -> 
  custom:container-muxer-webm: aa71ff27fc2769a1b78a27578f13a17b -> 
  custom:video-decoder-webm-vp8: 9c59270c3fd7afecdb556c50c9e8de78 -> 
  custom:SearchIndexIgnoredProperties: e643bd26f0fe6173181afceb89e7c659 -> 
  custom:AudioImporter_EditorPlatform: d09bf68614088b80899f8185d706f6e7 -> 
  custom:video-encoder-webm-vp8: eb34c28f22e8b96e1ab97ce403110664 -> 
  custom:audio-decoder-ogg-vorbis: bf7c407c2cedff20999df2af8eb42d56 -> 
  custom:audio-encoder-webm-vorbis: bf7c407c2cedff20999df2af8eb42d56 -> 
========================================================================
Received Prepare
Caller must complete domain reload
0x00007ff78c3f9e7d (Unity) StackWalker::GetCurrentCallstack
0x00007ff78c3fef59 (Unity) StackWalker::ShowCallstack
0x00007ff78d3be361 (Unity) GetStacktrace
0x00007ff78da7013e (Unity) DebugStringToFile
0x00007ff78da6fe7a (Unity) AssertImplementation
0x00007ff78d2635ec (Unity) Internal_ADB_WorkerOnly_DomainReload
0x00007ff78d73bc34 (Unity) WorkerDomainReloadV2
0x00007ff78d75bd95 (Unity) <lambda_a753820fe7e089d32000383f09f6e370>::operator()
0x00007ff78d798812 (Unity) asio::detail::completion_handler<core::mutable_function<void __cdecl(void)>,asio::io_context::basic_executor_type<std::allocator<void>,0> >::do_complete
0x00007ff78d7847be (Unity) asio::detail::win_iocp_io_context::do_one
0x00007ff78d786424 (Unity) asio::detail::win_iocp_io_context::run
0x00007ff78d796bbc (Unity) IOService::Run
0x00007ff78d769fff (Unity) AssetImportWorkerClient::Run
0x00007ff78d7357e7 (Unity) RunAssetImportWorkerClientV2
0x00007ff78d73586b (Unity) RunAssetImporterV2
0x00007ff78cf4de2e (Unity) Application::InitializeProject
0x00007ff78d3c9015 (Unity) WinMain
0x00007ff78e78b3ee (Unity) __scrt_common_main_seh
0x00007fff181ae8d7 (KERNEL32) BaseThreadInitThunk
0x00007fff18b2c53c (ntdll) RtlUserThreadStart

Begin MonoManager ReloadAssembly
Symbol file LoadedFromMemory is not a mono symbol file
- Loaded All Assemblies, in  1.398 seconds
UnityException: FindObjectsOfTypeAll is not allowed to be called during serialization, call it from OnEnable instead. Called from ScriptableObject 'ServicesContainer'.
See "Script Serialization" page in the Unity Manual for further details.
  at (wrapper managed-to-native) UnityEngine.ResourcesAPIInternal.FindObjectsOfTypeAll(System.Type)
  at UnityEngine.ResourcesAPI.FindObjectsOfTypeAll (System.Type systemTypeInstance) [0x00000] in <37cc348edc804f4cb176b63962c716e7>:0 
  at UnityEngine.Resources.FindObjectsOfTypeAll (System.Type type) [0x00006] in <37cc348edc804f4cb176b63962c716e7>:0 
  at Unity.AssetManager.UI.Editor.ProjectWindowProxy.FindProjectWindow () [0x00019] in .\Library\PackageCache\com.unity.asset-manager-for-unity@1.9.0\Editor\UI\ProjectWindowOverlays\ProjectWindowProxy.cs:30 
  at Unity.AssetManager.UI.Editor.ProjectWindowProxy.Repaint () [0x00000] in .\Library\PackageCache\com.unity.asset-manager-for-unity@1.9.0\Editor\UI\ProjectWindowOverlays\ProjectWindowProxy.cs:19 
  at Unity.AssetManager.UI.Editor.ProjectWindowIconOverlay.OnAfterDeserialize () [0x0004b] in .\Library\PackageCache\com.unity.asset-manager-for-unity@1.9.0\Editor\UI\ProjectWindowOverlays\ProjectWindowIconOverlay.cs:143 

(Filename: ./Library/PackageCache/com.unity.asset-manager-for-unity@1.9.0/Editor/UI/ProjectWindowOverlays/ProjectWindowProxy.cs Line: 30)

Native extension for WindowsStandalone target not found
Mono: successfully reloaded assembly
- Finished resetting the current domain, in  2.773 seconds
Domain Reload Profiling: 4169ms
	BeginReloadAssembly (638ms)
		ExecutionOrderSort (0ms)
		DisableScriptedObjects (24ms)
		BackupInstance (0ms)
		ReleaseScriptingObjects (0ms)
		CreateAndSetChildDomain (125ms)
	RebuildCommonClasses (97ms)
	RebuildNativeTypeToScriptingClass (35ms)
	initialDomainReloadingComplete (66ms)
	LoadAllAssembliesAndSetupDomain (559ms)
		LoadAssemblies (750ms)
		RebuildTransferFunctionScriptingTraits (0ms)
		AnalyzeDomain (131ms)
			TypeCache.Refresh (34ms)
				TypeCache.ScanAssembly (11ms)
			ScanForSourceGeneratedMonoScriptInfo (63ms)
			ResolveRequiredComponents (32ms)
	FinalizeReload (2775ms)
		ReleaseScriptCaches (0ms)
		RebuildScriptCaches (0ms)
		SetupLoadedEditorAssemblies (1083ms)
			LogAssemblyErrors (0ms)
			InitializePlatformSupportModulesInManaged (14ms)
			SetLoadedEditorAssemblies (11ms)
			RefreshPlugins (0ms)
			BeforeProcessingInitializeOnLoad (196ms)
			ProcessInitializeOnLoadAttributes (623ms)
			ProcessInitializeOnLoadMethodAttributes (232ms)
			AfterProcessingInitializeOnLoad (7ms)
			EditorAssembliesLoaded (1ms)
		ExecutionOrderSort2 (0ms)
		AwakeInstancesAfterBackupRestoration (50ms)
Refreshing native plugins compatible for Editor in 3.77 ms, found 0 plugins.
Preloading 0 native plugins for Editor in 0.00 ms.
Unloading 4173 Unused Serialized files (Serialized files now loaded: 0)
Unloading 12 unused Assets / (398.0 KB). Loaded Objects now: 4855.
Memory consumption went from 169.1 MB to 168.7 MB.
Total: 14.348800 ms (FindLiveObjects: 0.966700 ms CreateObjectMapping: 0.377400 ms MarkObjects: 12.516000 ms  DeleteObjects: 0.486500 ms)

Prepare: number of updated asset objects reloaded= 0
AssetImportParameters requested are different than current active one (requested -> active):
  custom:container-demuxer-ogg: 62fdf1f143b41e24485cea50d1cbac27 -> 
  custom:video-codec-MediaFoundation-h265: 746d11721c4dcdbdad8f713fa42b33f4 -> 
  custom:video-decoder-ogg-theora: a1e56fd34408186e4bbccfd4996cb3dc -> 
  custom:framework-win-MediaFoundation: 216162199b28c13a410421893ffa2e32 -> 
  custom:CustomObjectIndexerAttribute: 72b91833f83ae208fae7752999fa3104 -> 
  custom:container-demuxer-webm: 4f35f7cbe854078d1ac9338744f61a02 -> 
  custom:container-muxer-webm: aa71ff27fc2769a1b78a27578f13a17b -> 
  custom:video-decoder-webm-vp8: 9c59270c3fd7afecdb556c50c9e8de78 -> 
  custom:SearchIndexIgnoredProperties: e643bd26f0fe6173181afceb89e7c659 -> 
  custom:AudioImporter_EditorPlatform: d09bf68614088b80899f8185d706f6e7 -> 
  custom:video-encoder-webm-vp8: eb34c28f22e8b96e1ab97ce403110664 -> 
  custom:audio-decoder-ogg-vorbis: bf7c407c2cedff20999df2af8eb42d56 -> 
  custom:audio-encoder-webm-vorbis: bf7c407c2cedff20999df2af8eb42d56 -> 
========================================================================
Received Prepare
Caller must complete domain reload
0x00007ff78c3f9e7d (Unity) StackWalker::GetCurrentCallstack
0x00007ff78c3fef59 (Unity) StackWalker::ShowCallstack
0x00007ff78d3be361 (Unity) GetStacktrace
0x00007ff78da7013e (Unity) DebugStringToFile
0x00007ff78da6fe7a (Unity) AssertImplementation
0x00007ff78d2635ec (Unity) Internal_ADB_WorkerOnly_DomainReload
0x00007ff78d73bc34 (Unity) WorkerDomainReloadV2
0x00007ff78d75bd95 (Unity) <lambda_a753820fe7e089d32000383f09f6e370>::operator()
0x00007ff78d798812 (Unity) asio::detail::completion_handler<core::mutable_function<void __cdecl(void)>,asio::io_context::basic_executor_type<std::allocator<void>,0> >::do_complete
0x00007ff78d7847be (Unity) asio::detail::win_iocp_io_context::do_one
0x00007ff78d786424 (Unity) asio::detail::win_iocp_io_context::run
0x00007ff78d796bbc (Unity) IOService::Run
0x00007ff78d769fff (Unity) AssetImportWorkerClient::Run
0x00007ff78d7357e7 (Unity) RunAssetImportWorkerClientV2
0x00007ff78d73586b (Unity) RunAssetImporterV2
0x00007ff78cf4de2e (Unity) Application::InitializeProject
0x00007ff78d3c9015 (Unity) WinMain
0x00007ff78e78b3ee (Unity) __scrt_common_main_seh
0x00007fff181ae8d7 (KERNEL32) BaseThreadInitThunk
0x00007fff18b2c53c (ntdll) RtlUserThreadStart

Begin MonoManager ReloadAssembly
Symbol file LoadedFromMemory is not a mono symbol file
- Loaded All Assemblies, in  0.251 seconds
UnityException: FindObjectsOfTypeAll is not allowed to be called during serialization, call it from OnEnable instead. Called from ScriptableObject 'ServicesContainer'.
See "Script Serialization" page in the Unity Manual for further details.
  at (wrapper managed-to-native) UnityEngine.ResourcesAPIInternal.FindObjectsOfTypeAll(System.Type)
  at UnityEngine.ResourcesAPI.FindObjectsOfTypeAll (System.Type systemTypeInstance) [0x00000] in <37cc348edc804f4cb176b63962c716e7>:0 
  at UnityEngine.Resources.FindObjectsOfTypeAll (System.Type type) [0x00006] in <37cc348edc804f4cb176b63962c716e7>:0 
  at Unity.AssetManager.UI.Editor.ProjectWindowProxy.FindProjectWindow () [0x00019] in .\Library\PackageCache\com.unity.asset-manager-for-unity@1.9.0\Editor\UI\ProjectWindowOverlays\ProjectWindowProxy.cs:30 
  at Unity.AssetManager.UI.Editor.ProjectWindowProxy.Repaint () [0x00000] in .\Library\PackageCache\com.unity.asset-manager-for-unity@1.9.0\Editor\UI\ProjectWindowOverlays\ProjectWindowProxy.cs:19 
  at Unity.AssetManager.UI.Editor.ProjectWindowIconOverlay.OnAfterDeserialize () [0x0004b] in .\Library\PackageCache\com.unity.asset-manager-for-unity@1.9.0\Editor\UI\ProjectWindowOverlays\ProjectWindowIconOverlay.cs:143 

(Filename: ./Library/PackageCache/com.unity.asset-manager-for-unity@1.9.0/Editor/UI/ProjectWindowOverlays/ProjectWindowProxy.cs Line: 30)

Native extension for WindowsStandalone target not found
Mono: successfully reloaded assembly
- Finished resetting the current domain, in  0.543 seconds
Domain Reload Profiling: 793ms
	BeginReloadAssembly (99ms)
		ExecutionOrderSort (0ms)
		DisableScriptedObjects (3ms)
		BackupInstance (0ms)
		ReleaseScriptingObjects (0ms)
		CreateAndSetChildDomain (20ms)
	RebuildCommonClasses (22ms)
	RebuildNativeTypeToScriptingClass (7ms)
	initialDomainReloadingComplete (15ms)
	LoadAllAssembliesAndSetupDomain (107ms)
		LoadAssemblies (144ms)
		RebuildTransferFunctionScriptingTraits (0ms)
		AnalyzeDomain (12ms)
			TypeCache.Refresh (4ms)
				TypeCache.ScanAssembly (0ms)
			ScanForSourceGeneratedMonoScriptInfo (0ms)
			ResolveRequiredComponents (7ms)
	FinalizeReload (543ms)
		ReleaseScriptCaches (0ms)
		RebuildScriptCaches (0ms)
		SetupLoadedEditorAssemblies (225ms)
			LogAssemblyErrors (0ms)
			InitializePlatformSupportModulesInManaged (3ms)
			SetLoadedEditorAssemblies (2ms)
			RefreshPlugins (0ms)
			BeforeProcessingInitializeOnLoad (38ms)
			ProcessInitializeOnLoadAttributes (129ms)
			ProcessInitializeOnLoadMethodAttributes (51ms)
			AfterProcessingInitializeOnLoad (1ms)
			EditorAssembliesLoaded (0ms)
		ExecutionOrderSort2 (0ms)
		AwakeInstancesAfterBackupRestoration (10ms)
Refreshing native plugins compatible for Editor in 0.79 ms, found 0 plugins.
Preloading 0 native plugins for Editor in 0.00 ms.
Unloading 4173 Unused Serialized files (Serialized files now loaded: 0)
Unloading 12 unused Assets / (398.0 KB). Loaded Objects now: 4859.
Memory consumption went from 169.1 MB to 168.7 MB.
Total: 3.080600 ms (FindLiveObjects: 0.243000 ms CreateObjectMapping: 0.079200 ms MarkObjects: 2.525900 ms  DeleteObjects: 0.231300 ms)

Prepare: number of updated asset objects reloaded= 0
AssetImportParameters requested are different than current active one (requested -> active):
  custom:container-demuxer-ogg: 62fdf1f143b41e24485cea50d1cbac27 -> 
  custom:video-codec-MediaFoundation-h265: 746d11721c4dcdbdad8f713fa42b33f4 -> 
  custom:video-decoder-ogg-theora: a1e56fd34408186e4bbccfd4996cb3dc -> 
  custom:framework-win-MediaFoundation: 216162199b28c13a410421893ffa2e32 -> 
  custom:CustomObjectIndexerAttribute: 72b91833f83ae208fae7752999fa3104 -> 
  custom:container-demuxer-webm: 4f35f7cbe854078d1ac9338744f61a02 -> 
  custom:container-muxer-webm: aa71ff27fc2769a1b78a27578f13a17b -> 
  custom:video-decoder-webm-vp8: 9c59270c3fd7afecdb556c50c9e8de78 -> 
  custom:SearchIndexIgnoredProperties: e643bd26f0fe6173181afceb89e7c659 -> 
  custom:AudioImporter_EditorPlatform: d09bf68614088b80899f8185d706f6e7 -> 
  custom:video-encoder-webm-vp8: eb34c28f22e8b96e1ab97ce403110664 -> 
  custom:audio-decoder-ogg-vorbis: bf7c407c2cedff20999df2af8eb42d56 -> 
  custom:audio-encoder-webm-vorbis: bf7c407c2cedff20999df2af8eb42d56 -> 
========================================================================
Received Prepare
Caller must complete domain reload
0x00007ff78c3f9e7d (Unity) StackWalker::GetCurrentCallstack
0x00007ff78c3fef59 (Unity) StackWalker::ShowCallstack
0x00007ff78d3be361 (Unity) GetStacktrace
0x00007ff78da7013e (Unity) DebugStringToFile
0x00007ff78da6fe7a (Unity) AssertImplementation
0x00007ff78d2635ec (Unity) Internal_ADB_WorkerOnly_DomainReload
0x00007ff78d73bc34 (Unity) WorkerDomainReloadV2
0x00007ff78d75bd95 (Unity) <lambda_a753820fe7e089d32000383f09f6e370>::operator()
0x00007ff78d798812 (Unity) asio::detail::completion_handler<core::mutable_function<void __cdecl(void)>,asio::io_context::basic_executor_type<std::allocator<void>,0> >::do_complete
0x00007ff78d7847be (Unity) asio::detail::win_iocp_io_context::do_one
0x00007ff78d786424 (Unity) asio::detail::win_iocp_io_context::run
0x00007ff78d796bbc (Unity) IOService::Run
0x00007ff78d769fff (Unity) AssetImportWorkerClient::Run
0x00007ff78d7357e7 (Unity) RunAssetImportWorkerClientV2
0x00007ff78d73586b (Unity) RunAssetImporterV2
0x00007ff78cf4de2e (Unity) Application::InitializeProject
0x00007ff78d3c9015 (Unity) WinMain
0x00007ff78e78b3ee (Unity) __scrt_common_main_seh
0x00007fff181ae8d7 (KERNEL32) BaseThreadInitThunk
0x00007fff18b2c53c (ntdll) RtlUserThreadStart

Begin MonoManager ReloadAssembly
Symbol file LoadedFromMemory is not a mono symbol file
- Loaded All Assemblies, in  0.257 seconds
UnityException: FindObjectsOfTypeAll is not allowed to be called during serialization, call it from OnEnable instead. Called from ScriptableObject 'ServicesContainer'.
See "Script Serialization" page in the Unity Manual for further details.
  at (wrapper managed-to-native) UnityEngine.ResourcesAPIInternal.FindObjectsOfTypeAll(System.Type)
  at UnityEngine.ResourcesAPI.FindObjectsOfTypeAll (System.Type systemTypeInstance) [0x00000] in <37cc348edc804f4cb176b63962c716e7>:0 
  at UnityEngine.Resources.FindObjectsOfTypeAll (System.Type type) [0x00006] in <37cc348edc804f4cb176b63962c716e7>:0 
  at Unity.AssetManager.UI.Editor.ProjectWindowProxy.FindProjectWindow () [0x00019] in .\Library\PackageCache\com.unity.asset-manager-for-unity@1.9.0\Editor\UI\ProjectWindowOverlays\ProjectWindowProxy.cs:30 
  at Unity.AssetManager.UI.Editor.ProjectWindowProxy.Repaint () [0x00000] in .\Library\PackageCache\com.unity.asset-manager-for-unity@1.9.0\Editor\UI\ProjectWindowOverlays\ProjectWindowProxy.cs:19 
  at Unity.AssetManager.UI.Editor.ProjectWindowIconOverlay.OnAfterDeserialize () [0x0004b] in .\Library\PackageCache\com.unity.asset-manager-for-unity@1.9.0\Editor\UI\ProjectWindowOverlays\ProjectWindowIconOverlay.cs:143 

(Filename: ./Library/PackageCache/com.unity.asset-manager-for-unity@1.9.0/Editor/UI/ProjectWindowOverlays/ProjectWindowProxy.cs Line: 30)

Native extension for WindowsStandalone target not found
Mono: successfully reloaded assembly
- Finished resetting the current domain, in  0.608 seconds
Domain Reload Profiling: 865ms
	BeginReloadAssembly (99ms)
		ExecutionOrderSort (0ms)
		DisableScriptedObjects (3ms)
		BackupInstance (0ms)
		ReleaseScriptingObjects (0ms)
		CreateAndSetChildDomain (18ms)
	RebuildCommonClasses (23ms)
	RebuildNativeTypeToScriptingClass (7ms)
	initialDomainReloadingComplete (15ms)
	LoadAllAssembliesAndSetupDomain (112ms)
		LoadAssemblies (150ms)
		RebuildTransferFunctionScriptingTraits (0ms)
		AnalyzeDomain (12ms)
			TypeCache.Refresh (4ms)
				TypeCache.ScanAssembly (0ms)
			ScanForSourceGeneratedMonoScriptInfo (0ms)
			ResolveRequiredComponents (7ms)
	FinalizeReload (608ms)
		ReleaseScriptCaches (0ms)
		RebuildScriptCaches (0ms)
		SetupLoadedEditorAssemblies (232ms)
			LogAssemblyErrors (0ms)
			InitializePlatformSupportModulesInManaged (3ms)
			SetLoadedEditorAssemblies (2ms)
			RefreshPlugins (0ms)
			BeforeProcessingInitializeOnLoad (40ms)
			ProcessInitializeOnLoadAttributes (132ms)
			ProcessInitializeOnLoadMethodAttributes (53ms)
			AfterProcessingInitializeOnLoad (2ms)
			EditorAssembliesLoaded (0ms)
		ExecutionOrderSort2 (0ms)
		AwakeInstancesAfterBackupRestoration (12ms)
Refreshing native plugins compatible for Editor in 1.00 ms, found 0 plugins.
Preloading 0 native plugins for Editor in 0.00 ms.
Unloading 4173 Unused Serialized files (Serialized files now loaded: 0)
Unloading 12 unused Assets / (397.6 KB). Loaded Objects now: 4863.
Memory consumption went from 169.1 MB to 168.7 MB.
Total: 2.701700 ms (FindLiveObjects: 0.186500 ms CreateObjectMapping: 0.066400 ms MarkObjects: 2.189500 ms  DeleteObjects: 0.258600 ms)

Prepare: number of updated asset objects reloaded= 0
AssetImportParameters requested are different than current active one (requested -> active):
  custom:container-demuxer-ogg: 62fdf1f143b41e24485cea50d1cbac27 -> 
  custom:video-codec-MediaFoundation-h265: 746d11721c4dcdbdad8f713fa42b33f4 -> 
  custom:video-decoder-ogg-theora: a1e56fd34408186e4bbccfd4996cb3dc -> 
  custom:framework-win-MediaFoundation: 216162199b28c13a410421893ffa2e32 -> 
  custom:CustomObjectIndexerAttribute: 72b91833f83ae208fae7752999fa3104 -> 
  custom:container-demuxer-webm: 4f35f7cbe854078d1ac9338744f61a02 -> 
  custom:container-muxer-webm: aa71ff27fc2769a1b78a27578f13a17b -> 
  custom:video-decoder-webm-vp8: 9c59270c3fd7afecdb556c50c9e8de78 -> 
  custom:SearchIndexIgnoredProperties: e643bd26f0fe6173181afceb89e7c659 -> 
  custom:AudioImporter_EditorPlatform: d09bf68614088b80899f8185d706f6e7 -> 
  custom:video-encoder-webm-vp8: eb34c28f22e8b96e1ab97ce403110664 -> 
  custom:audio-decoder-ogg-vorbis: bf7c407c2cedff20999df2af8eb42d56 -> 
  custom:audio-encoder-webm-vorbis: bf7c407c2cedff20999df2af8eb42d56 -> 
========================================================================
Received Prepare
Caller must complete domain reload
0x00007ff78c3f9e7d (Unity) StackWalker::GetCurrentCallstack
0x00007ff78c3fef59 (Unity) StackWalker::ShowCallstack
0x00007ff78d3be361 (Unity) GetStacktrace
0x00007ff78da7013e (Unity) DebugStringToFile
0x00007ff78da6fe7a (Unity) AssertImplementation
0x00007ff78d2635ec (Unity) Internal_ADB_WorkerOnly_DomainReload
0x00007ff78d73bc34 (Unity) WorkerDomainReloadV2
0x00007ff78d75bd95 (Unity) <lambda_a753820fe7e089d32000383f09f6e370>::operator()
0x00007ff78d798812 (Unity) asio::detail::completion_handler<core::mutable_function<void __cdecl(void)>,asio::io_context::basic_executor_type<std::allocator<void>,0> >::do_complete
0x00007ff78d7847be (Unity) asio::detail::win_iocp_io_context::do_one
0x00007ff78d786424 (Unity) asio::detail::win_iocp_io_context::run
0x00007ff78d796bbc (Unity) IOService::Run
0x00007ff78d769fff (Unity) AssetImportWorkerClient::Run
0x00007ff78d7357e7 (Unity) RunAssetImportWorkerClientV2
0x00007ff78d73586b (Unity) RunAssetImporterV2
0x00007ff78cf4de2e (Unity) Application::InitializeProject
0x00007ff78d3c9015 (Unity) WinMain
0x00007ff78e78b3ee (Unity) __scrt_common_main_seh
0x00007fff181ae8d7 (KERNEL32) BaseThreadInitThunk
0x00007fff18b2c53c (ntdll) RtlUserThreadStart

Begin MonoManager ReloadAssembly
Symbol file LoadedFromMemory is not a mono symbol file
- Loaded All Assemblies, in  1.353 seconds
UnityException: FindObjectsOfTypeAll is not allowed to be called during serialization, call it from OnEnable instead. Called from ScriptableObject 'ServicesContainer'.
See "Script Serialization" page in the Unity Manual for further details.
  at (wrapper managed-to-native) UnityEngine.ResourcesAPIInternal.FindObjectsOfTypeAll(System.Type)
  at UnityEngine.ResourcesAPI.FindObjectsOfTypeAll (System.Type systemTypeInstance) [0x00000] in <37cc348edc804f4cb176b63962c716e7>:0 
  at UnityEngine.Resources.FindObjectsOfTypeAll (System.Type type) [0x00006] in <37cc348edc804f4cb176b63962c716e7>:0 
  at Unity.AssetManager.UI.Editor.ProjectWindowProxy.FindProjectWindow () [0x00019] in .\Library\PackageCache\com.unity.asset-manager-for-unity@1.9.0\Editor\UI\ProjectWindowOverlays\ProjectWindowProxy.cs:30 
  at Unity.AssetManager.UI.Editor.ProjectWindowProxy.Repaint () [0x00000] in .\Library\PackageCache\com.unity.asset-manager-for-unity@1.9.0\Editor\UI\ProjectWindowOverlays\ProjectWindowProxy.cs:19 
  at Unity.AssetManager.UI.Editor.ProjectWindowIconOverlay.OnAfterDeserialize () [0x0004b] in .\Library\PackageCache\com.unity.asset-manager-for-unity@1.9.0\Editor\UI\ProjectWindowOverlays\ProjectWindowIconOverlay.cs:143 

(Filename: ./Library/PackageCache/com.unity.asset-manager-for-unity@1.9.0/Editor/UI/ProjectWindowOverlays/ProjectWindowProxy.cs Line: 30)

Native extension for WindowsStandalone target not found
Mono: successfully reloaded assembly
- Finished resetting the current domain, in  3.102 seconds
Domain Reload Profiling: 4449ms
	BeginReloadAssembly (436ms)
		ExecutionOrderSort (0ms)
		DisableScriptedObjects (21ms)
		BackupInstance (0ms)
		ReleaseScriptingObjects (0ms)
		CreateAndSetChildDomain (69ms)
	RebuildCommonClasses (129ms)
	RebuildNativeTypeToScriptingClass (41ms)
	initialDomainReloadingComplete (82ms)
	LoadAllAssembliesAndSetupDomain (658ms)
		LoadAssemblies (742ms)
		RebuildTransferFunctionScriptingTraits (0ms)
		AnalyzeDomain (155ms)
			TypeCache.Refresh (39ms)
				TypeCache.ScanAssembly (14ms)
			ScanForSourceGeneratedMonoScriptInfo (80ms)
			ResolveRequiredComponents (34ms)
	FinalizeReload (3103ms)
		ReleaseScriptCaches (0ms)
		RebuildScriptCaches (0ms)
		SetupLoadedEditorAssemblies (1118ms)
			LogAssemblyErrors (0ms)
			InitializePlatformSupportModulesInManaged (14ms)
			SetLoadedEditorAssemblies (10ms)
			RefreshPlugins (0ms)
			BeforeProcessingInitializeOnLoad (183ms)
			ProcessInitializeOnLoadAttributes (624ms)
			ProcessInitializeOnLoadMethodAttributes (278ms)
			AfterProcessingInitializeOnLoad (9ms)
			EditorAssembliesLoaded (1ms)
		ExecutionOrderSort2 (0ms)
		AwakeInstancesAfterBackupRestoration (62ms)
Refreshing native plugins compatible for Editor in 3.88 ms, found 0 plugins.
Preloading 0 native plugins for Editor in 0.00 ms.
Unloading 4173 Unused Serialized files (Serialized files now loaded: 0)
Unloading 12 unused Assets / (397.7 KB). Loaded Objects now: 4867.
Memory consumption went from 169.1 MB to 168.7 MB.
Total: 11.100600 ms (FindLiveObjects: 0.858100 ms CreateObjectMapping: 0.376300 ms MarkObjects: 9.240500 ms  DeleteObjects: 0.623700 ms)

Prepare: number of updated asset objects reloaded= 0
AssetImportParameters requested are different than current active one (requested -> active):
  custom:container-demuxer-ogg: 62fdf1f143b41e24485cea50d1cbac27 -> 
  custom:video-codec-MediaFoundation-h265: 746d11721c4dcdbdad8f713fa42b33f4 -> 
  custom:video-decoder-ogg-theora: a1e56fd34408186e4bbccfd4996cb3dc -> 
  custom:framework-win-MediaFoundation: 216162199b28c13a410421893ffa2e32 -> 
  custom:CustomObjectIndexerAttribute: 72b91833f83ae208fae7752999fa3104 -> 
  custom:container-demuxer-webm: 4f35f7cbe854078d1ac9338744f61a02 -> 
  custom:container-muxer-webm: aa71ff27fc2769a1b78a27578f13a17b -> 
  custom:video-decoder-webm-vp8: 9c59270c3fd7afecdb556c50c9e8de78 -> 
  custom:SearchIndexIgnoredProperties: e643bd26f0fe6173181afceb89e7c659 -> 
  custom:AudioImporter_EditorPlatform: d09bf68614088b80899f8185d706f6e7 -> 
  custom:video-encoder-webm-vp8: eb34c28f22e8b96e1ab97ce403110664 -> 
  custom:audio-decoder-ogg-vorbis: bf7c407c2cedff20999df2af8eb42d56 -> 
  custom:audio-encoder-webm-vorbis: bf7c407c2cedff20999df2af8eb42d56 -> 
========================================================================
Received Prepare
Caller must complete domain reload
0x00007ff78c3f9e7d (Unity) StackWalker::GetCurrentCallstack
0x00007ff78c3fef59 (Unity) StackWalker::ShowCallstack
0x00007ff78d3be361 (Unity) GetStacktrace
0x00007ff78da7013e (Unity) DebugStringToFile
0x00007ff78da6fe7a (Unity) AssertImplementation
0x00007ff78d2635ec (Unity) Internal_ADB_WorkerOnly_DomainReload
0x00007ff78d73bc34 (Unity) WorkerDomainReloadV2
0x00007ff78d75bd95 (Unity) <lambda_a753820fe7e089d32000383f09f6e370>::operator()
0x00007ff78d798812 (Unity) asio::detail::completion_handler<core::mutable_function<void __cdecl(void)>,asio::io_context::basic_executor_type<std::allocator<void>,0> >::do_complete
0x00007ff78d7847be (Unity) asio::detail::win_iocp_io_context::do_one
0x00007ff78d786424 (Unity) asio::detail::win_iocp_io_context::run
0x00007ff78d796bbc (Unity) IOService::Run
0x00007ff78d769fff (Unity) AssetImportWorkerClient::Run
0x00007ff78d7357e7 (Unity) RunAssetImportWorkerClientV2
0x00007ff78d73586b (Unity) RunAssetImporterV2
0x00007ff78cf4de2e (Unity) Application::InitializeProject
0x00007ff78d3c9015 (Unity) WinMain
0x00007ff78e78b3ee (Unity) __scrt_common_main_seh
0x00007fff181ae8d7 (KERNEL32) BaseThreadInitThunk
0x00007fff18b2c53c (ntdll) RtlUserThreadStart

Begin MonoManager ReloadAssembly
Symbol file LoadedFromMemory is not a mono symbol file
- Loaded All Assemblies, in  0.257 seconds
UnityException: FindObjectsOfTypeAll is not allowed to be called during serialization, call it from OnEnable instead. Called from ScriptableObject 'ServicesContainer'.
See "Script Serialization" page in the Unity Manual for further details.
  at (wrapper managed-to-native) UnityEngine.ResourcesAPIInternal.FindObjectsOfTypeAll(System.Type)
  at UnityEngine.ResourcesAPI.FindObjectsOfTypeAll (System.Type systemTypeInstance) [0x00000] in <37cc348edc804f4cb176b63962c716e7>:0 
  at UnityEngine.Resources.FindObjectsOfTypeAll (System.Type type) [0x00006] in <37cc348edc804f4cb176b63962c716e7>:0 
  at Unity.AssetManager.UI.Editor.ProjectWindowProxy.FindProjectWindow () [0x00019] in .\Library\PackageCache\com.unity.asset-manager-for-unity@1.9.0\Editor\UI\ProjectWindowOverlays\ProjectWindowProxy.cs:30 
  at Unity.AssetManager.UI.Editor.ProjectWindowProxy.Repaint () [0x00000] in .\Library\PackageCache\com.unity.asset-manager-for-unity@1.9.0\Editor\UI\ProjectWindowOverlays\ProjectWindowProxy.cs:19 
  at Unity.AssetManager.UI.Editor.ProjectWindowIconOverlay.OnAfterDeserialize () [0x0004b] in .\Library\PackageCache\com.unity.asset-manager-for-unity@1.9.0\Editor\UI\ProjectWindowOverlays\ProjectWindowIconOverlay.cs:143 

(Filename: ./Library/PackageCache/com.unity.asset-manager-for-unity@1.9.0/Editor/UI/ProjectWindowOverlays/ProjectWindowProxy.cs Line: 30)

Native extension for WindowsStandalone target not found
Mono: successfully reloaded assembly
- Finished resetting the current domain, in  0.580 seconds
Domain Reload Profiling: 837ms
	BeginReloadAssembly (103ms)
		ExecutionOrderSort (0ms)
		DisableScriptedObjects (3ms)
		BackupInstance (0ms)
		ReleaseScriptingObjects (0ms)
		CreateAndSetChildDomain (21ms)
	RebuildCommonClasses (21ms)
	RebuildNativeTypeToScriptingClass (6ms)
	initialDomainReloadingComplete (14ms)
	LoadAllAssembliesAndSetupDomain (112ms)
		LoadAssemblies (150ms)
		RebuildTransferFunctionScriptingTraits (0ms)
		AnalyzeDomain (11ms)
			TypeCache.Refresh (4ms)
				TypeCache.ScanAssembly (0ms)
			ScanForSourceGeneratedMonoScriptInfo (0ms)
			ResolveRequiredComponents (7ms)
	FinalizeReload (580ms)
		ReleaseScriptCaches (0ms)
		RebuildScriptCaches (0ms)
		SetupLoadedEditorAssemblies (231ms)
			LogAssemblyErrors (0ms)
			InitializePlatformSupportModulesInManaged (3ms)
			SetLoadedEditorAssemblies (2ms)
			RefreshPlugins (0ms)
			BeforeProcessingInitializeOnLoad (38ms)
			ProcessInitializeOnLoadAttributes (133ms)
			ProcessInitializeOnLoadMethodAttributes (53ms)
			AfterProcessingInitializeOnLoad (2ms)
			EditorAssembliesLoaded (0ms)
		ExecutionOrderSort2 (0ms)
		AwakeInstancesAfterBackupRestoration (11ms)
Refreshing native plugins compatible for Editor in 0.85 ms, found 0 plugins.
Preloading 0 native plugins for Editor in 0.00 ms.
Unloading 4173 Unused Serialized files (Serialized files now loaded: 0)
Unloading 12 unused Assets / (398.1 KB). Loaded Objects now: 4871.
Memory consumption went from 169.1 MB to 168.7 MB.
Total: 2.709100 ms (FindLiveObjects: 0.206800 ms CreateObjectMapping: 0.069500 ms MarkObjects: 2.185800 ms  DeleteObjects: 0.246400 ms)

Prepare: number of updated asset objects reloaded= 0
AssetImportParameters requested are different than current active one (requested -> active):
  custom:container-demuxer-ogg: 62fdf1f143b41e24485cea50d1cbac27 -> 
  custom:video-codec-MediaFoundation-h265: 746d11721c4dcdbdad8f713fa42b33f4 -> 
  custom:video-decoder-ogg-theora: a1e56fd34408186e4bbccfd4996cb3dc -> 
  custom:framework-win-MediaFoundation: 216162199b28c13a410421893ffa2e32 -> 
  custom:CustomObjectIndexerAttribute: 72b91833f83ae208fae7752999fa3104 -> 
  custom:container-demuxer-webm: 4f35f7cbe854078d1ac9338744f61a02 -> 
  custom:container-muxer-webm: aa71ff27fc2769a1b78a27578f13a17b -> 
  custom:video-decoder-webm-vp8: 9c59270c3fd7afecdb556c50c9e8de78 -> 
  custom:SearchIndexIgnoredProperties: e643bd26f0fe6173181afceb89e7c659 -> 
  custom:AudioImporter_EditorPlatform: d09bf68614088b80899f8185d706f6e7 -> 
  custom:video-encoder-webm-vp8: eb34c28f22e8b96e1ab97ce403110664 -> 
  custom:audio-decoder-ogg-vorbis: bf7c407c2cedff20999df2af8eb42d56 -> 
  custom:audio-encoder-webm-vorbis: bf7c407c2cedff20999df2af8eb42d56 -> 
========================================================================
Received Prepare
Caller must complete domain reload
0x00007ff78c3f9e7d (Unity) StackWalker::GetCurrentCallstack
0x00007ff78c3fef59 (Unity) StackWalker::ShowCallstack
0x00007ff78d3be361 (Unity) GetStacktrace
0x00007ff78da7013e (Unity) DebugStringToFile
0x00007ff78da6fe7a (Unity) AssertImplementation
0x00007ff78d2635ec (Unity) Internal_ADB_WorkerOnly_DomainReload
0x00007ff78d73bc34 (Unity) WorkerDomainReloadV2
0x00007ff78d75bd95 (Unity) <lambda_a753820fe7e089d32000383f09f6e370>::operator()
0x00007ff78d798812 (Unity) asio::detail::completion_handler<core::mutable_function<void __cdecl(void)>,asio::io_context::basic_executor_type<std::allocator<void>,0> >::do_complete
0x00007ff78d7847be (Unity) asio::detail::win_iocp_io_context::do_one
0x00007ff78d786424 (Unity) asio::detail::win_iocp_io_context::run
0x00007ff78d796bbc (Unity) IOService::Run
0x00007ff78d769fff (Unity) AssetImportWorkerClient::Run
0x00007ff78d7357e7 (Unity) RunAssetImportWorkerClientV2
0x00007ff78d73586b (Unity) RunAssetImporterV2
0x00007ff78cf4de2e (Unity) Application::InitializeProject
0x00007ff78d3c9015 (Unity) WinMain
0x00007ff78e78b3ee (Unity) __scrt_common_main_seh
0x00007fff181ae8d7 (KERNEL32) BaseThreadInitThunk
0x00007fff18b2c53c (ntdll) RtlUserThreadStart

Begin MonoManager ReloadAssembly
Symbol file LoadedFromMemory is not a mono symbol file
- Loaded All Assemblies, in  1.507 seconds
UnityException: FindObjectsOfTypeAll is not allowed to be called during serialization, call it from OnEnable instead. Called from ScriptableObject 'ServicesContainer'.
See "Script Serialization" page in the Unity Manual for further details.
  at (wrapper managed-to-native) UnityEngine.ResourcesAPIInternal.FindObjectsOfTypeAll(System.Type)
  at UnityEngine.ResourcesAPI.FindObjectsOfTypeAll (System.Type systemTypeInstance) [0x00000] in <37cc348edc804f4cb176b63962c716e7>:0 
  at UnityEngine.Resources.FindObjectsOfTypeAll (System.Type type) [0x00006] in <37cc348edc804f4cb176b63962c716e7>:0 
  at Unity.AssetManager.UI.Editor.ProjectWindowProxy.FindProjectWindow () [0x00019] in .\Library\PackageCache\com.unity.asset-manager-for-unity@1.9.0\Editor\UI\ProjectWindowOverlays\ProjectWindowProxy.cs:30 
  at Unity.AssetManager.UI.Editor.ProjectWindowProxy.Repaint () [0x00000] in .\Library\PackageCache\com.unity.asset-manager-for-unity@1.9.0\Editor\UI\ProjectWindowOverlays\ProjectWindowProxy.cs:19 
  at Unity.AssetManager.UI.Editor.ProjectWindowIconOverlay.OnAfterDeserialize () [0x0004b] in .\Library\PackageCache\com.unity.asset-manager-for-unity@1.9.0\Editor\UI\ProjectWindowOverlays\ProjectWindowIconOverlay.cs:143 

(Filename: ./Library/PackageCache/com.unity.asset-manager-for-unity@1.9.0/Editor/UI/ProjectWindowOverlays/ProjectWindowProxy.cs Line: 30)

Native extension for WindowsStandalone target not found
Mono: successfully reloaded assembly
- Finished resetting the current domain, in  3.224 seconds
Domain Reload Profiling: 4726ms
	BeginReloadAssembly (516ms)
		ExecutionOrderSort (0ms)
		DisableScriptedObjects (20ms)
		BackupInstance (0ms)
		ReleaseScriptingObjects (0ms)
		CreateAndSetChildDomain (81ms)
	RebuildCommonClasses (121ms)
	RebuildNativeTypeToScriptingClass (41ms)
	initialDomainReloadingComplete (89ms)
	LoadAllAssembliesAndSetupDomain (733ms)
		LoadAssemblies (836ms)
		RebuildTransferFunctionScriptingTraits (0ms)
		AnalyzeDomain (160ms)
			TypeCache.Refresh (39ms)
				TypeCache.ScanAssembly (14ms)
			ScanForSourceGeneratedMonoScriptInfo (80ms)
			ResolveRequiredComponents (39ms)
	FinalizeReload (3227ms)
		ReleaseScriptCaches (0ms)
		RebuildScriptCaches (0ms)
		SetupLoadedEditorAssemblies (1213ms)
			LogAssemblyErrors (0ms)
			InitializePlatformSupportModulesInManaged (22ms)
			SetLoadedEditorAssemblies (11ms)
			RefreshPlugins (0ms)
			BeforeProcessingInitializeOnLoad (218ms)
			ProcessInitializeOnLoadAttributes (703ms)
			ProcessInitializeOnLoadMethodAttributes (251ms)
			AfterProcessingInitializeOnLoad (7ms)
			EditorAssembliesLoaded (1ms)
		ExecutionOrderSort2 (0ms)
		AwakeInstancesAfterBackupRestoration (58ms)
Refreshing native plugins compatible for Editor in 3.90 ms, found 0 plugins.
Preloading 0 native plugins for Editor in 0.00 ms.
Unloading 4173 Unused Serialized files (Serialized files now loaded: 0)
Unloading 12 unused Assets / (397.4 KB). Loaded Objects now: 4875.
Memory consumption went from 169.1 MB to 168.7 MB.
Total: 10.540100 ms (FindLiveObjects: 0.646900 ms CreateObjectMapping: 0.282500 ms MarkObjects: 9.136300 ms  DeleteObjects: 0.471700 ms)

Prepare: number of updated asset objects reloaded= 0
AssetImportParameters requested are different than current active one (requested -> active):
  custom:container-demuxer-ogg: 62fdf1f143b41e24485cea50d1cbac27 -> 
  custom:video-codec-MediaFoundation-h265: 746d11721c4dcdbdad8f713fa42b33f4 -> 
  custom:video-decoder-ogg-theora: a1e56fd34408186e4bbccfd4996cb3dc -> 
  custom:framework-win-MediaFoundation: 216162199b28c13a410421893ffa2e32 -> 
  custom:CustomObjectIndexerAttribute: 72b91833f83ae208fae7752999fa3104 -> 
  custom:container-demuxer-webm: 4f35f7cbe854078d1ac9338744f61a02 -> 
  custom:container-muxer-webm: aa71ff27fc2769a1b78a27578f13a17b -> 
  custom:video-decoder-webm-vp8: 9c59270c3fd7afecdb556c50c9e8de78 -> 
  custom:SearchIndexIgnoredProperties: e643bd26f0fe6173181afceb89e7c659 -> 
  custom:AudioImporter_EditorPlatform: d09bf68614088b80899f8185d706f6e7 -> 
  custom:video-encoder-webm-vp8: eb34c28f22e8b96e1ab97ce403110664 -> 
  custom:audio-decoder-ogg-vorbis: bf7c407c2cedff20999df2af8eb42d56 -> 
  custom:audio-encoder-webm-vorbis: bf7c407c2cedff20999df2af8eb42d56 -> 
========================================================================
Received Prepare
Caller must complete domain reload
0x00007ff78c3f9e7d (Unity) StackWalker::GetCurrentCallstack
0x00007ff78c3fef59 (Unity) StackWalker::ShowCallstack
0x00007ff78d3be361 (Unity) GetStacktrace
0x00007ff78da7013e (Unity) DebugStringToFile
0x00007ff78da6fe7a (Unity) AssertImplementation
0x00007ff78d2635ec (Unity) Internal_ADB_WorkerOnly_DomainReload
0x00007ff78d73bc34 (Unity) WorkerDomainReloadV2
0x00007ff78d75bd95 (Unity) <lambda_a753820fe7e089d32000383f09f6e370>::operator()
0x00007ff78d798812 (Unity) asio::detail::completion_handler<core::mutable_function<void __cdecl(void)>,asio::io_context::basic_executor_type<std::allocator<void>,0> >::do_complete
0x00007ff78d7847be (Unity) asio::detail::win_iocp_io_context::do_one
0x00007ff78d786424 (Unity) asio::detail::win_iocp_io_context::run
0x00007ff78d796bbc (Unity) IOService::Run
0x00007ff78d769fff (Unity) AssetImportWorkerClient::Run
0x00007ff78d7357e7 (Unity) RunAssetImportWorkerClientV2
0x00007ff78d73586b (Unity) RunAssetImporterV2
0x00007ff78cf4de2e (Unity) Application::InitializeProject
0x00007ff78d3c9015 (Unity) WinMain
0x00007ff78e78b3ee (Unity) __scrt_common_main_seh
0x00007fff181ae8d7 (KERNEL32) BaseThreadInitThunk
0x00007fff18b2c53c (ntdll) RtlUserThreadStart

Begin MonoManager ReloadAssembly
Symbol file LoadedFromMemory is not a mono symbol file
- Loaded All Assemblies, in  0.261 seconds
UnityException: FindObjectsOfTypeAll is not allowed to be called during serialization, call it from OnEnable instead. Called from ScriptableObject 'ServicesContainer'.
See "Script Serialization" page in the Unity Manual for further details.
  at (wrapper managed-to-native) UnityEngine.ResourcesAPIInternal.FindObjectsOfTypeAll(System.Type)
  at UnityEngine.ResourcesAPI.FindObjectsOfTypeAll (System.Type systemTypeInstance) [0x00000] in <37cc348edc804f4cb176b63962c716e7>:0 
  at UnityEngine.Resources.FindObjectsOfTypeAll (System.Type type) [0x00006] in <37cc348edc804f4cb176b63962c716e7>:0 
  at Unity.AssetManager.UI.Editor.ProjectWindowProxy.FindProjectWindow () [0x00019] in .\Library\PackageCache\com.unity.asset-manager-for-unity@1.9.0\Editor\UI\ProjectWindowOverlays\ProjectWindowProxy.cs:30 
  at Unity.AssetManager.UI.Editor.ProjectWindowProxy.Repaint () [0x00000] in .\Library\PackageCache\com.unity.asset-manager-for-unity@1.9.0\Editor\UI\ProjectWindowOverlays\ProjectWindowProxy.cs:19 
  at Unity.AssetManager.UI.Editor.ProjectWindowIconOverlay.OnAfterDeserialize () [0x0004b] in .\Library\PackageCache\com.unity.asset-manager-for-unity@1.9.0\Editor\UI\ProjectWindowOverlays\ProjectWindowIconOverlay.cs:143 

(Filename: ./Library/PackageCache/com.unity.asset-manager-for-unity@1.9.0/Editor/UI/ProjectWindowOverlays/ProjectWindowProxy.cs Line: 30)

Native extension for WindowsStandalone target not found
Mono: successfully reloaded assembly
- Finished resetting the current domain, in  0.576 seconds
Domain Reload Profiling: 838ms
	BeginReloadAssembly (103ms)
		ExecutionOrderSort (0ms)
		DisableScriptedObjects (3ms)
		BackupInstance (0ms)
		ReleaseScriptingObjects (0ms)
		CreateAndSetChildDomain (22ms)
	RebuildCommonClasses (21ms)
	RebuildNativeTypeToScriptingClass (7ms)
	initialDomainReloadingComplete (16ms)
	LoadAllAssembliesAndSetupDomain (114ms)
		LoadAssemblies (151ms)
		RebuildTransferFunctionScriptingTraits (0ms)
		AnalyzeDomain (13ms)
			TypeCache.Refresh (5ms)
				TypeCache.ScanAssembly (0ms)
			ScanForSourceGeneratedMonoScriptInfo (0ms)
			ResolveRequiredComponents (8ms)
	FinalizeReload (577ms)
		ReleaseScriptCaches (0ms)
		RebuildScriptCaches (0ms)
		SetupLoadedEditorAssemblies (232ms)
			LogAssemblyErrors (0ms)
			InitializePlatformSupportModulesInManaged (3ms)
			SetLoadedEditorAssemblies (2ms)
			RefreshPlugins (0ms)
			BeforeProcessingInitializeOnLoad (39ms)
			ProcessInitializeOnLoadAttributes (133ms)
			ProcessInitializeOnLoadMethodAttributes (53ms)
			AfterProcessingInitializeOnLoad (2ms)
			EditorAssembliesLoaded (0ms)
		ExecutionOrderSort2 (0ms)
		AwakeInstancesAfterBackupRestoration (11ms)
Refreshing native plugins compatible for Editor in 0.83 ms, found 0 plugins.
Preloading 0 native plugins for Editor in 0.00 ms.
Unloading 4173 Unused Serialized files (Serialized files now loaded: 0)
Unloading 12 unused Assets / (389.6 KB). Loaded Objects now: 4879.
Memory consumption went from 169.1 MB to 168.7 MB.
Total: 2.655700 ms (FindLiveObjects: 0.219900 ms CreateObjectMapping: 0.072700 ms MarkObjects: 2.193500 ms  DeleteObjects: 0.168900 ms)

Prepare: number of updated asset objects reloaded= 0
AssetImportParameters requested are different than current active one (requested -> active):
  custom:container-demuxer-ogg: 62fdf1f143b41e24485cea50d1cbac27 -> 
  custom:video-codec-MediaFoundation-h265: 746d11721c4dcdbdad8f713fa42b33f4 -> 
  custom:video-decoder-ogg-theora: a1e56fd34408186e4bbccfd4996cb3dc -> 
  custom:framework-win-MediaFoundation: 216162199b28c13a410421893ffa2e32 -> 
  custom:CustomObjectIndexerAttribute: 72b91833f83ae208fae7752999fa3104 -> 
  custom:container-demuxer-webm: 4f35f7cbe854078d1ac9338744f61a02 -> 
  custom:container-muxer-webm: aa71ff27fc2769a1b78a27578f13a17b -> 
  custom:video-decoder-webm-vp8: 9c59270c3fd7afecdb556c50c9e8de78 -> 
  custom:SearchIndexIgnoredProperties: e643bd26f0fe6173181afceb89e7c659 -> 
  custom:AudioImporter_EditorPlatform: d09bf68614088b80899f8185d706f6e7 -> 
  custom:video-encoder-webm-vp8: eb34c28f22e8b96e1ab97ce403110664 -> 
  custom:audio-decoder-ogg-vorbis: bf7c407c2cedff20999df2af8eb42d56 -> 
  custom:audio-encoder-webm-vorbis: bf7c407c2cedff20999df2af8eb42d56 -> 
========================================================================
Received Prepare
Caller must complete domain reload
0x00007ff78c3f9e7d (Unity) StackWalker::GetCurrentCallstack
0x00007ff78c3fef59 (Unity) StackWalker::ShowCallstack
0x00007ff78d3be361 (Unity) GetStacktrace
0x00007ff78da7013e (Unity) DebugStringToFile
0x00007ff78da6fe7a (Unity) AssertImplementation
0x00007ff78d2635ec (Unity) Internal_ADB_WorkerOnly_DomainReload
0x00007ff78d73bc34 (Unity) WorkerDomainReloadV2
0x00007ff78d75bd95 (Unity) <lambda_a753820fe7e089d32000383f09f6e370>::operator()
0x00007ff78d798812 (Unity) asio::detail::completion_handler<core::mutable_function<void __cdecl(void)>,asio::io_context::basic_executor_type<std::allocator<void>,0> >::do_complete
0x00007ff78d7847be (Unity) asio::detail::win_iocp_io_context::do_one
0x00007ff78d786424 (Unity) asio::detail::win_iocp_io_context::run
0x00007ff78d796bbc (Unity) IOService::Run
0x00007ff78d769fff (Unity) AssetImportWorkerClient::Run
0x00007ff78d7357e7 (Unity) RunAssetImportWorkerClientV2
0x00007ff78d73586b (Unity) RunAssetImporterV2
0x00007ff78cf4de2e (Unity) Application::InitializeProject
0x00007ff78d3c9015 (Unity) WinMain
0x00007ff78e78b3ee (Unity) __scrt_common_main_seh
0x00007fff181ae8d7 (KERNEL32) BaseThreadInitThunk
0x00007fff18b2c53c (ntdll) RtlUserThreadStart

Begin MonoManager ReloadAssembly
Symbol file LoadedFromMemory is not a mono symbol file
- Loaded All Assemblies, in  0.252 seconds
UnityException: FindObjectsOfTypeAll is not allowed to be called during serialization, call it from OnEnable instead. Called from ScriptableObject 'ServicesContainer'.
See "Script Serialization" page in the Unity Manual for further details.
  at (wrapper managed-to-native) UnityEngine.ResourcesAPIInternal.FindObjectsOfTypeAll(System.Type)
  at UnityEngine.ResourcesAPI.FindObjectsOfTypeAll (System.Type systemTypeInstance) [0x00000] in <37cc348edc804f4cb176b63962c716e7>:0 
  at UnityEngine.Resources.FindObjectsOfTypeAll (System.Type type) [0x00006] in <37cc348edc804f4cb176b63962c716e7>:0 
  at Unity.AssetManager.UI.Editor.ProjectWindowProxy.FindProjectWindow () [0x00019] in .\Library\PackageCache\com.unity.asset-manager-for-unity@1.9.0\Editor\UI\ProjectWindowOverlays\ProjectWindowProxy.cs:30 
  at Unity.AssetManager.UI.Editor.ProjectWindowProxy.Repaint () [0x00000] in .\Library\PackageCache\com.unity.asset-manager-for-unity@1.9.0\Editor\UI\ProjectWindowOverlays\ProjectWindowProxy.cs:19 
  at Unity.AssetManager.UI.Editor.ProjectWindowIconOverlay.OnAfterDeserialize () [0x0004b] in .\Library\PackageCache\com.unity.asset-manager-for-unity@1.9.0\Editor\UI\ProjectWindowOverlays\ProjectWindowIconOverlay.cs:143 

(Filename: ./Library/PackageCache/com.unity.asset-manager-for-unity@1.9.0/Editor/UI/ProjectWindowOverlays/ProjectWindowProxy.cs Line: 30)

Native extension for WindowsStandalone target not found
Mono: successfully reloaded assembly
- Finished resetting the current domain, in  0.557 seconds
Domain Reload Profiling: 809ms
	BeginReloadAssembly (101ms)
		ExecutionOrderSort (0ms)
		DisableScriptedObjects (3ms)
		BackupInstance (0ms)
		ReleaseScriptingObjects (0ms)
		CreateAndSetChildDomain (19ms)
	RebuildCommonClasses (20ms)
	RebuildNativeTypeToScriptingClass (6ms)
	initialDomainReloadingComplete (15ms)
	LoadAllAssembliesAndSetupDomain (109ms)
		LoadAssemblies (149ms)
		RebuildTransferFunctionScriptingTraits (0ms)
		AnalyzeDomain (12ms)
			TypeCache.Refresh (4ms)
				TypeCache.ScanAssembly (0ms)
			ScanForSourceGeneratedMonoScriptInfo (0ms)
			ResolveRequiredComponents (7ms)
	FinalizeReload (557ms)
		ReleaseScriptCaches (0ms)
		RebuildScriptCaches (0ms)
		SetupLoadedEditorAssemblies (235ms)
			LogAssemblyErrors (0ms)
			InitializePlatformSupportModulesInManaged (3ms)
			SetLoadedEditorAssemblies (3ms)
			RefreshPlugins (0ms)
			BeforeProcessingInitializeOnLoad (46ms)
			ProcessInitializeOnLoadAttributes (130ms)
			ProcessInitializeOnLoadMethodAttributes (51ms)
			AfterProcessingInitializeOnLoad (1ms)
			EditorAssembliesLoaded (0ms)
		ExecutionOrderSort2 (0ms)
		AwakeInstancesAfterBackupRestoration (10ms)
Refreshing native plugins compatible for Editor in 0.80 ms, found 0 plugins.
Preloading 0 native plugins for Editor in 0.00 ms.
Unloading 4173 Unused Serialized files (Serialized files now loaded: 0)
Unloading 12 unused Assets / (398.0 KB). Loaded Objects now: 4883.
Memory consumption went from 169.1 MB to 168.7 MB.
Total: 3.223900 ms (FindLiveObjects: 0.182700 ms CreateObjectMapping: 0.074200 ms MarkObjects: 2.787200 ms  DeleteObjects: 0.179000 ms)

Prepare: number of updated asset objects reloaded= 0
AssetImportParameters requested are different than current active one (requested -> active):
  custom:container-demuxer-ogg: 62fdf1f143b41e24485cea50d1cbac27 -> 
  custom:video-codec-MediaFoundation-h265: 746d11721c4dcdbdad8f713fa42b33f4 -> 
  custom:video-decoder-ogg-theora: a1e56fd34408186e4bbccfd4996cb3dc -> 
  custom:framework-win-MediaFoundation: 216162199b28c13a410421893ffa2e32 -> 
  custom:CustomObjectIndexerAttribute: 72b91833f83ae208fae7752999fa3104 -> 
  custom:container-demuxer-webm: 4f35f7cbe854078d1ac9338744f61a02 -> 
  custom:container-muxer-webm: aa71ff27fc2769a1b78a27578f13a17b -> 
  custom:video-decoder-webm-vp8: 9c59270c3fd7afecdb556c50c9e8de78 -> 
  custom:SearchIndexIgnoredProperties: e643bd26f0fe6173181afceb89e7c659 -> 
  custom:AudioImporter_EditorPlatform: d09bf68614088b80899f8185d706f6e7 -> 
  custom:video-encoder-webm-vp8: eb34c28f22e8b96e1ab97ce403110664 -> 
  custom:audio-decoder-ogg-vorbis: bf7c407c2cedff20999df2af8eb42d56 -> 
  custom:audio-encoder-webm-vorbis: bf7c407c2cedff20999df2af8eb42d56 -> 
========================================================================
Received Prepare
Caller must complete domain reload
0x00007ff78c3f9e7d (Unity) StackWalker::GetCurrentCallstack
0x00007ff78c3fef59 (Unity) StackWalker::ShowCallstack
0x00007ff78d3be361 (Unity) GetStacktrace
0x00007ff78da7013e (Unity) DebugStringToFile
0x00007ff78da6fe7a (Unity) AssertImplementation
0x00007ff78d2635ec (Unity) Internal_ADB_WorkerOnly_DomainReload
0x00007ff78d73bc34 (Unity) WorkerDomainReloadV2
0x00007ff78d75bd95 (Unity) <lambda_a753820fe7e089d32000383f09f6e370>::operator()
0x00007ff78d798812 (Unity) asio::detail::completion_handler<core::mutable_function<void __cdecl(void)>,asio::io_context::basic_executor_type<std::allocator<void>,0> >::do_complete
0x00007ff78d7847be (Unity) asio::detail::win_iocp_io_context::do_one
0x00007ff78d786424 (Unity) asio::detail::win_iocp_io_context::run
0x00007ff78d796bbc (Unity) IOService::Run
0x00007ff78d769fff (Unity) AssetImportWorkerClient::Run
0x00007ff78d7357e7 (Unity) RunAssetImportWorkerClientV2
0x00007ff78d73586b (Unity) RunAssetImporterV2
0x00007ff78cf4de2e (Unity) Application::InitializeProject
0x00007ff78d3c9015 (Unity) WinMain
0x00007ff78e78b3ee (Unity) __scrt_common_main_seh
0x00007fff181ae8d7 (KERNEL32) BaseThreadInitThunk
0x00007fff18b2c53c (ntdll) RtlUserThreadStart

Begin MonoManager ReloadAssembly
Symbol file LoadedFromMemory is not a mono symbol file
- Loaded All Assemblies, in  0.257 seconds
UnityException: FindObjectsOfTypeAll is not allowed to be called during serialization, call it from OnEnable instead. Called from ScriptableObject 'ServicesContainer'.
See "Script Serialization" page in the Unity Manual for further details.
  at (wrapper managed-to-native) UnityEngine.ResourcesAPIInternal.FindObjectsOfTypeAll(System.Type)
  at UnityEngine.ResourcesAPI.FindObjectsOfTypeAll (System.Type systemTypeInstance) [0x00000] in <37cc348edc804f4cb176b63962c716e7>:0 
  at UnityEngine.Resources.FindObjectsOfTypeAll (System.Type type) [0x00006] in <37cc348edc804f4cb176b63962c716e7>:0 
  at Unity.AssetManager.UI.Editor.ProjectWindowProxy.FindProjectWindow () [0x00019] in .\Library\PackageCache\com.unity.asset-manager-for-unity@1.9.0\Editor\UI\ProjectWindowOverlays\ProjectWindowProxy.cs:30 
  at Unity.AssetManager.UI.Editor.ProjectWindowProxy.Repaint () [0x00000] in .\Library\PackageCache\com.unity.asset-manager-for-unity@1.9.0\Editor\UI\ProjectWindowOverlays\ProjectWindowProxy.cs:19 
  at Unity.AssetManager.UI.Editor.ProjectWindowIconOverlay.OnAfterDeserialize () [0x0004b] in .\Library\PackageCache\com.unity.asset-manager-for-unity@1.9.0\Editor\UI\ProjectWindowOverlays\ProjectWindowIconOverlay.cs:143 

(Filename: ./Library/PackageCache/com.unity.asset-manager-for-unity@1.9.0/Editor/UI/ProjectWindowOverlays/ProjectWindowProxy.cs Line: 30)

Native extension for WindowsStandalone target not found
Mono: successfully reloaded assembly
- Finished resetting the current domain, in  0.543 seconds
Domain Reload Profiling: 799ms
	BeginReloadAssembly (99ms)
		ExecutionOrderSort (0ms)
		DisableScriptedObjects (3ms)
		BackupInstance (0ms)
		ReleaseScriptingObjects (0ms)
		CreateAndSetChildDomain (18ms)
	RebuildCommonClasses (21ms)
	RebuildNativeTypeToScriptingClass (6ms)
	initialDomainReloadingComplete (16ms)
	LoadAllAssembliesAndSetupDomain (114ms)
		LoadAssemblies (153ms)
		RebuildTransferFunctionScriptingTraits (0ms)
		AnalyzeDomain (11ms)
			TypeCache.Refresh (4ms)
				TypeCache.ScanAssembly (0ms)
			ScanForSourceGeneratedMonoScriptInfo (0ms)
			ResolveRequiredComponents (7ms)
	FinalizeReload (543ms)
		ReleaseScriptCaches (0ms)
		RebuildScriptCaches (0ms)
		SetupLoadedEditorAssemblies (226ms)
			LogAssemblyErrors (0ms)
			InitializePlatformSupportModulesInManaged (3ms)
			SetLoadedEditorAssemblies (2ms)
			RefreshPlugins (0ms)
			BeforeProcessingInitializeOnLoad (39ms)
			ProcessInitializeOnLoadAttributes (130ms)
			ProcessInitializeOnLoadMethodAttributes (51ms)
			AfterProcessingInitializeOnLoad (1ms)
			EditorAssembliesLoaded (0ms)
		ExecutionOrderSort2 (0ms)
		AwakeInstancesAfterBackupRestoration (11ms)
Refreshing native plugins compatible for Editor in 0.83 ms, found 0 plugins.
Preloading 0 native plugins for Editor in 0.00 ms.
Unloading 4173 Unused Serialized files (Serialized files now loaded: 0)
Unloading 12 unused Assets / (397.7 KB). Loaded Objects now: 4887.
Memory consumption went from 169.1 MB to 168.7 MB.
Total: 2.813900 ms (FindLiveObjects: 0.195900 ms CreateObjectMapping: 0.062900 ms MarkObjects: 2.390900 ms  DeleteObjects: 0.163500 ms)

Prepare: number of updated asset objects reloaded= 0
AssetImportParameters requested are different than current active one (requested -> active):
  custom:container-demuxer-ogg: 62fdf1f143b41e24485cea50d1cbac27 -> 
  custom:video-codec-MediaFoundation-h265: 746d11721c4dcdbdad8f713fa42b33f4 -> 
  custom:video-decoder-ogg-theora: a1e56fd34408186e4bbccfd4996cb3dc -> 
  custom:framework-win-MediaFoundation: 216162199b28c13a410421893ffa2e32 -> 
  custom:CustomObjectIndexerAttribute: 72b91833f83ae208fae7752999fa3104 -> 
  custom:container-demuxer-webm: 4f35f7cbe854078d1ac9338744f61a02 -> 
  custom:container-muxer-webm: aa71ff27fc2769a1b78a27578f13a17b -> 
  custom:video-decoder-webm-vp8: 9c59270c3fd7afecdb556c50c9e8de78 -> 
  custom:SearchIndexIgnoredProperties: e643bd26f0fe6173181afceb89e7c659 -> 
  custom:AudioImporter_EditorPlatform: d09bf68614088b80899f8185d706f6e7 -> 
  custom:video-encoder-webm-vp8: eb34c28f22e8b96e1ab97ce403110664 -> 
  custom:audio-decoder-ogg-vorbis: bf7c407c2cedff20999df2af8eb42d56 -> 
  custom:audio-encoder-webm-vorbis: bf7c407c2cedff20999df2af8eb42d56 -> 
========================================================================
Received Prepare
Caller must complete domain reload
0x00007ff78c3f9e7d (Unity) StackWalker::GetCurrentCallstack
0x00007ff78c3fef59 (Unity) StackWalker::ShowCallstack
0x00007ff78d3be361 (Unity) GetStacktrace
0x00007ff78da7013e (Unity) DebugStringToFile
0x00007ff78da6fe7a (Unity) AssertImplementation
0x00007ff78d2635ec (Unity) Internal_ADB_WorkerOnly_DomainReload
0x00007ff78d73bc34 (Unity) WorkerDomainReloadV2
0x00007ff78d75bd95 (Unity) <lambda_a753820fe7e089d32000383f09f6e370>::operator()
0x00007ff78d798812 (Unity) asio::detail::completion_handler<core::mutable_function<void __cdecl(void)>,asio::io_context::basic_executor_type<std::allocator<void>,0> >::do_complete
0x00007ff78d7847be (Unity) asio::detail::win_iocp_io_context::do_one
0x00007ff78d786424 (Unity) asio::detail::win_iocp_io_context::run
0x00007ff78d796bbc (Unity) IOService::Run
0x00007ff78d769fff (Unity) AssetImportWorkerClient::Run
0x00007ff78d7357e7 (Unity) RunAssetImportWorkerClientV2
0x00007ff78d73586b (Unity) RunAssetImporterV2
0x00007ff78cf4de2e (Unity) Application::InitializeProject
0x00007ff78d3c9015 (Unity) WinMain
0x00007ff78e78b3ee (Unity) __scrt_common_main_seh
0x00007fff181ae8d7 (KERNEL32) BaseThreadInitThunk
0x00007fff18b2c53c (ntdll) RtlUserThreadStart

Begin MonoManager ReloadAssembly
Symbol file LoadedFromMemory is not a mono symbol file
- Loaded All Assemblies, in  0.252 seconds
UnityException: FindObjectsOfTypeAll is not allowed to be called during serialization, call it from OnEnable instead. Called from ScriptableObject 'ServicesContainer'.
See "Script Serialization" page in the Unity Manual for further details.
  at (wrapper managed-to-native) UnityEngine.ResourcesAPIInternal.FindObjectsOfTypeAll(System.Type)
  at UnityEngine.ResourcesAPI.FindObjectsOfTypeAll (System.Type systemTypeInstance) [0x00000] in <37cc348edc804f4cb176b63962c716e7>:0 
  at UnityEngine.Resources.FindObjectsOfTypeAll (System.Type type) [0x00006] in <37cc348edc804f4cb176b63962c716e7>:0 
  at Unity.AssetManager.UI.Editor.ProjectWindowProxy.FindProjectWindow () [0x00019] in .\Library\PackageCache\com.unity.asset-manager-for-unity@1.9.0\Editor\UI\ProjectWindowOverlays\ProjectWindowProxy.cs:30 
  at Unity.AssetManager.UI.Editor.ProjectWindowProxy.Repaint () [0x00000] in .\Library\PackageCache\com.unity.asset-manager-for-unity@1.9.0\Editor\UI\ProjectWindowOverlays\ProjectWindowProxy.cs:19 
  at Unity.AssetManager.UI.Editor.ProjectWindowIconOverlay.OnAfterDeserialize () [0x0004b] in .\Library\PackageCache\com.unity.asset-manager-for-unity@1.9.0\Editor\UI\ProjectWindowOverlays\ProjectWindowIconOverlay.cs:143 

(Filename: ./Library/PackageCache/com.unity.asset-manager-for-unity@1.9.0/Editor/UI/ProjectWindowOverlays/ProjectWindowProxy.cs Line: 30)

Native extension for WindowsStandalone target not found
Mono: successfully reloaded assembly
- Finished resetting the current domain, in  0.573 seconds
Domain Reload Profiling: 825ms
	BeginReloadAssembly (98ms)
		ExecutionOrderSort (0ms)
		DisableScriptedObjects (3ms)
		BackupInstance (0ms)
		ReleaseScriptingObjects (0ms)
		CreateAndSetChildDomain (19ms)
	RebuildCommonClasses (21ms)
	RebuildNativeTypeToScriptingClass (6ms)
	initialDomainReloadingComplete (17ms)
	LoadAllAssembliesAndSetupDomain (109ms)
		LoadAssemblies (146ms)
		RebuildTransferFunctionScriptingTraits (0ms)
		AnalyzeDomain (12ms)
			TypeCache.Refresh (4ms)
				TypeCache.ScanAssembly (0ms)
			ScanForSourceGeneratedMonoScriptInfo (0ms)
			ResolveRequiredComponents (7ms)
	FinalizeReload (573ms)
		ReleaseScriptCaches (0ms)
		RebuildScriptCaches (0ms)
		SetupLoadedEditorAssemblies (230ms)
			LogAssemblyErrors (0ms)
			InitializePlatformSupportModulesInManaged (3ms)
			SetLoadedEditorAssemblies (2ms)
			RefreshPlugins (0ms)
			BeforeProcessingInitializeOnLoad (40ms)
			ProcessInitializeOnLoadAttributes (133ms)
			ProcessInitializeOnLoadMethodAttributes (51ms)
			AfterProcessingInitializeOnLoad (1ms)
			EditorAssembliesLoaded (0ms)
		ExecutionOrderSort2 (0ms)
		AwakeInstancesAfterBackupRestoration (11ms)
Refreshing native plugins compatible for Editor in 0.80 ms, found 0 plugins.
Preloading 0 native plugins for Editor in 0.00 ms.
Unloading 4173 Unused Serialized files (Serialized files now loaded: 0)
Unloading 12 unused Assets / (389.9 KB). Loaded Objects now: 4891.
Memory consumption went from 169.1 MB to 168.8 MB.
Total: 2.485700 ms (FindLiveObjects: 0.176800 ms CreateObjectMapping: 0.062800 ms MarkObjects: 2.092300 ms  DeleteObjects: 0.152100 ms)

Prepare: number of updated asset objects reloaded= 0
AssetImportParameters requested are different than current active one (requested -> active):
  custom:container-demuxer-ogg: 62fdf1f143b41e24485cea50d1cbac27 -> 
  custom:video-codec-MediaFoundation-h265: 746d11721c4dcdbdad8f713fa42b33f4 -> 
  custom:video-decoder-ogg-theora: a1e56fd34408186e4bbccfd4996cb3dc -> 
  custom:framework-win-MediaFoundation: 216162199b28c13a410421893ffa2e32 -> 
  custom:CustomObjectIndexerAttribute: 72b91833f83ae208fae7752999fa3104 -> 
  custom:container-demuxer-webm: 4f35f7cbe854078d1ac9338744f61a02 -> 
  custom:container-muxer-webm: aa71ff27fc2769a1b78a27578f13a17b -> 
  custom:video-decoder-webm-vp8: 9c59270c3fd7afecdb556c50c9e8de78 -> 
  custom:SearchIndexIgnoredProperties: e643bd26f0fe6173181afceb89e7c659 -> 
  custom:AudioImporter_EditorPlatform: d09bf68614088b80899f8185d706f6e7 -> 
  custom:video-encoder-webm-vp8: eb34c28f22e8b96e1ab97ce403110664 -> 
  custom:audio-decoder-ogg-vorbis: bf7c407c2cedff20999df2af8eb42d56 -> 
  custom:audio-encoder-webm-vorbis: bf7c407c2cedff20999df2af8eb42d56 -> 
========================================================================
Received Prepare
Caller must complete domain reload
0x00007ff78c3f9e7d (Unity) StackWalker::GetCurrentCallstack
0x00007ff78c3fef59 (Unity) StackWalker::ShowCallstack
0x00007ff78d3be361 (Unity) GetStacktrace
0x00007ff78da7013e (Unity) DebugStringToFile
0x00007ff78da6fe7a (Unity) AssertImplementation
0x00007ff78d2635ec (Unity) Internal_ADB_WorkerOnly_DomainReload
0x00007ff78d73bc34 (Unity) WorkerDomainReloadV2
0x00007ff78d75bd95 (Unity) <lambda_a753820fe7e089d32000383f09f6e370>::operator()
0x00007ff78d798812 (Unity) asio::detail::completion_handler<core::mutable_function<void __cdecl(void)>,asio::io_context::basic_executor_type<std::allocator<void>,0> >::do_complete
0x00007ff78d7847be (Unity) asio::detail::win_iocp_io_context::do_one
0x00007ff78d786424 (Unity) asio::detail::win_iocp_io_context::run
0x00007ff78d796bbc (Unity) IOService::Run
0x00007ff78d769fff (Unity) AssetImportWorkerClient::Run
0x00007ff78d7357e7 (Unity) RunAssetImportWorkerClientV2
0x00007ff78d73586b (Unity) RunAssetImporterV2
0x00007ff78cf4de2e (Unity) Application::InitializeProject
0x00007ff78d3c9015 (Unity) WinMain
0x00007ff78e78b3ee (Unity) __scrt_common_main_seh
0x00007fff181ae8d7 (KERNEL32) BaseThreadInitThunk
0x00007fff18b2c53c (ntdll) RtlUserThreadStart

Begin MonoManager ReloadAssembly
Symbol file LoadedFromMemory is not a mono symbol file
- Loaded All Assemblies, in  0.251 seconds
UnityException: FindObjectsOfTypeAll is not allowed to be called during serialization, call it from OnEnable instead. Called from ScriptableObject 'ServicesContainer'.
See "Script Serialization" page in the Unity Manual for further details.
  at (wrapper managed-to-native) UnityEngine.ResourcesAPIInternal.FindObjectsOfTypeAll(System.Type)
  at UnityEngine.ResourcesAPI.FindObjectsOfTypeAll (System.Type systemTypeInstance) [0x00000] in <37cc348edc804f4cb176b63962c716e7>:0 
  at UnityEngine.Resources.FindObjectsOfTypeAll (System.Type type) [0x00006] in <37cc348edc804f4cb176b63962c716e7>:0 
  at Unity.AssetManager.UI.Editor.ProjectWindowProxy.FindProjectWindow () [0x00019] in .\Library\PackageCache\com.unity.asset-manager-for-unity@1.9.0\Editor\UI\ProjectWindowOverlays\ProjectWindowProxy.cs:30 
  at Unity.AssetManager.UI.Editor.ProjectWindowProxy.Repaint () [0x00000] in .\Library\PackageCache\com.unity.asset-manager-for-unity@1.9.0\Editor\UI\ProjectWindowOverlays\ProjectWindowProxy.cs:19 
  at Unity.AssetManager.UI.Editor.ProjectWindowIconOverlay.OnAfterDeserialize () [0x0004b] in .\Library\PackageCache\com.unity.asset-manager-for-unity@1.9.0\Editor\UI\ProjectWindowOverlays\ProjectWindowIconOverlay.cs:143 

(Filename: ./Library/PackageCache/com.unity.asset-manager-for-unity@1.9.0/Editor/UI/ProjectWindowOverlays/ProjectWindowProxy.cs Line: 30)

Native extension for WindowsStandalone target not found
Mono: successfully reloaded assembly
- Finished resetting the current domain, in  0.555 seconds
Domain Reload Profiling: 806ms
	BeginReloadAssembly (98ms)
		ExecutionOrderSort (0ms)
		DisableScriptedObjects (3ms)
		BackupInstance (0ms)
		ReleaseScriptingObjects (0ms)
		CreateAndSetChildDomain (19ms)
	RebuildCommonClasses (20ms)
	RebuildNativeTypeToScriptingClass (6ms)
	initialDomainReloadingComplete (15ms)
	LoadAllAssembliesAndSetupDomain (112ms)
		LoadAssemblies (146ms)
		RebuildTransferFunctionScriptingTraits (0ms)
		AnalyzeDomain (13ms)
			TypeCache.Refresh (5ms)
				TypeCache.ScanAssembly (0ms)
			ScanForSourceGeneratedMonoScriptInfo (0ms)
			ResolveRequiredComponents (7ms)
	FinalizeReload (555ms)
		ReleaseScriptCaches (0ms)
		RebuildScriptCaches (0ms)
		SetupLoadedEditorAssemblies (224ms)
			LogAssemblyErrors (0ms)
			InitializePlatformSupportModulesInManaged (3ms)
			SetLoadedEditorAssemblies (2ms)
			RefreshPlugins (0ms)
			BeforeProcessingInitializeOnLoad (39ms)
			ProcessInitializeOnLoadAttributes (129ms)
			ProcessInitializeOnLoadMethodAttributes (49ms)
			AfterProcessingInitializeOnLoad (2ms)
			EditorAssembliesLoaded (0ms)
		ExecutionOrderSort2 (0ms)
		AwakeInstancesAfterBackupRestoration (11ms)
Refreshing native plugins compatible for Editor in 0.93 ms, found 0 plugins.
Preloading 0 native plugins for Editor in 0.00 ms.
Unloading 4173 Unused Serialized files (Serialized files now loaded: 0)
Unloading 12 unused Assets / (398.1 KB). Loaded Objects now: 4895.
Memory consumption went from 169.2 MB to 168.8 MB.
Total: 3.139200 ms (FindLiveObjects: 0.300200 ms CreateObjectMapping: 0.088100 ms MarkObjects: 2.518900 ms  DeleteObjects: 0.231200 ms)

Prepare: number of updated asset objects reloaded= 0
AssetImportParameters requested are different than current active one (requested -> active):
  custom:container-demuxer-ogg: 62fdf1f143b41e24485cea50d1cbac27 -> 
  custom:video-codec-MediaFoundation-h265: 746d11721c4dcdbdad8f713fa42b33f4 -> 
  custom:video-decoder-ogg-theora: a1e56fd34408186e4bbccfd4996cb3dc -> 
  custom:framework-win-MediaFoundation: 216162199b28c13a410421893ffa2e32 -> 
  custom:CustomObjectIndexerAttribute: 72b91833f83ae208fae7752999fa3104 -> 
  custom:container-demuxer-webm: 4f35f7cbe854078d1ac9338744f61a02 -> 
  custom:container-muxer-webm: aa71ff27fc2769a1b78a27578f13a17b -> 
  custom:video-decoder-webm-vp8: 9c59270c3fd7afecdb556c50c9e8de78 -> 
  custom:SearchIndexIgnoredProperties: e643bd26f0fe6173181afceb89e7c659 -> 
  custom:AudioImporter_EditorPlatform: d09bf68614088b80899f8185d706f6e7 -> 
  custom:video-encoder-webm-vp8: eb34c28f22e8b96e1ab97ce403110664 -> 
  custom:audio-decoder-ogg-vorbis: bf7c407c2cedff20999df2af8eb42d56 -> 
  custom:audio-encoder-webm-vorbis: bf7c407c2cedff20999df2af8eb42d56 -> 
