[Licensing::Module] Trying to connect to existing licensing client channel...
Built from '6000.2/staging' branch; Version is '6000.2.10f1 (d3d30d158480) revision 13882125'; Using compiler version '194234433'; Build Type 'Release'
OS: 'Windows 11  (10.0.26200) 64bit Professional' Language: 'en' Physical Memory: 16123 MB
[Licensing::IpcConnector] Successfully connected to: "LicenseClient-youss" at "2025-11-30T12:25:00.5632168Z"
BatchMode: 1, IsHumanControllingUs: 0, StartBugReporterOnCrash: 0, Is64bit: 1
Date: 2025-11-30T12:25:00Z

COMMAND LINE ARGUMENTS:
D:\Work\UnityEditors\6000.2.10f1\Editor\Unity.exe
-adb2
-batchMode
-noUpm
-name
AssetImportWorker3
-projectPath
D:/Work/UnityProjects/KingdomsAtDusk
-logFile
Logs/AssetImportWorker3.log
-srvPort
11040
-licensingIpc
LicenseClient-youss
-job-worker-count
15
-background-job-worker-count
8
-gc-helper-count
1
-name
AssetImport
Successfully changed project path to: D:/Work/UnityProjects/KingdomsAtDusk
D:/Work/UnityProjects/KingdomsAtDusk
[UnityMemory] Configuration Parameters - Can be set up in boot.config
    "memorysetup-allocator-temp-initial-block-size-main=262144"
    "memorysetup-allocator-temp-initial-block-size-worker=262144"
    "memorysetup-bucket-allocator-granularity=16"
    "memorysetup-bucket-allocator-bucket-count=8"
    "memorysetup-bucket-allocator-block-size=33554432"
    "memorysetup-bucket-allocator-block-count=8"
    "memorysetup-main-allocator-block-size=16777216"
    "memorysetup-thread-allocator-block-size=16777216"
    "memorysetup-gfx-main-allocator-block-size=16777216"
    "memorysetup-gfx-thread-allocator-block-size=16777216"
    "memorysetup-cache-allocator-block-size=4194304"
    "memorysetup-typetree-allocator-block-size=2097152"
    "memorysetup-profiler-bucket-allocator-granularity=16"
    "memorysetup-profiler-bucket-allocator-bucket-count=8"
    "memorysetup-profiler-bucket-allocator-block-size=33554432"
    "memorysetup-profiler-bucket-allocator-block-count=8"
    "memorysetup-profiler-allocator-block-size=16777216"
    "memorysetup-profiler-editor-allocator-block-size=1048576"
    "memorysetup-temp-allocator-size-main=16777216"
    "memorysetup-job-temp-allocator-block-size=2097152"
    "memorysetup-job-temp-allocator-block-size-background=1048576"
    "memorysetup-job-temp-allocator-reduction-small-platforms=262144"
    "memorysetup-temp-allocator-size-background-worker=32768"
    "memorysetup-temp-allocator-size-job-worker=262144"
    "memorysetup-temp-allocator-size-preload-manager=33554432"
    "memorysetup-temp-allocator-size-nav-mesh-worker=65536"
    "memorysetup-temp-allocator-size-audio-worker=65536"
    "memorysetup-temp-allocator-size-cloud-worker=32768"
    "memorysetup-temp-allocator-size-gi-baking-worker=262144"
    "memorysetup-temp-allocator-size-gi-baking-worker=262144"
    "memorysetup-temp-allocator-size-gi-baking-worker=262144"
    "memorysetup-temp-allocator-size-gi-baking-worker=262144"
    "memorysetup-temp-allocator-size-gi-baking-worker=262144"
    "memorysetup-temp-allocator-size-gfx=262144"
Player connection [16224]  Target information:

Player connection [16224]  * "[IP] 192.168.1.5 [Port] 0 [Flags] 2 [Guid] 425201278 [EditorId] 425201278 [Version] 1048832 [Id] WindowsEditor(7,YoussefRabea) [Debug] 1 [PackageName] WindowsEditor [ProjectName] Editor" 

Player connection [16224] Host joined multi-casting on [225.0.0.222:54997]...
Player connection [16224] Host joined alternative multi-casting on [225.0.0.222:34997]...
JobSystem: Creating JobQueue using job-worker-count value 15
Input System module state changed to: Initialized.
[Physics::Module] Initialized fallback backend.
[Physics::Module] Id: 0xdecafbad
[Licensing::Client] Code 10 while verifying Licensing Client signature (process Id: 10828, path: "C:/Program Files/Unity Hub/UnityLicensingClient_V1/Unity.Licensing.Client.exe")
[Licensing::Module] LicensingClient has failed validation; ignoring
[Licensing::Client] Handshaking with LicensingClient:
  Version:                 1.17.3+a4e98f1
  Session Id:              a189ac7fecc74b13a83376e45b04b5e6
  Correlation Id:          bed2139d0c8a979a1a5b2aec45478c22
  External correlation Id: 5923457131070976076
  Machine Id:              n2bs+DQo4UhSln8zcJYZwSXERHg=
[Licensing::Module] Successfully connected to LicensingClient on channel: "LicenseClient-youss" (connect: 0.00s, validation: 0.01s, handshake: 0.05s)
[Licensing::IpcConnector] Successfully connected to: "LicenseClient-youss-notifications" at "2025-11-30T12:25:00.6224113Z"
[Licensing::Module] Licensing Background thread has ended after 0.06s
Library Redirect Path: Library/
[Physics::Module] Selected backend.
[Physics::Module] Name: PhysX
[Physics::Module] Id: 0xf2b8ea05
[Physics::Module] SDK Version: 4.1.2
[Physics::Module] Integration Version: 1.0.0
[Physics::Module] Threading Mode: Multi-Threaded
Refreshing native plugins compatible for Editor in 0.99 ms, found 3 plugins.
Preloading 0 native plugins for Editor in 0.00 ms.
Initialize engine version: 6000.2.10f1 (d3d30d158480)
[Subsystems] Discovering subsystems at path D:/Work/UnityEditors/6000.2.10f1/Editor/Data/Resources/UnitySubsystems
[Subsystems] Discovering subsystems at path D:/Work/UnityProjects/KingdomsAtDusk/Assets
GfxDevice: creating device client; kGfxThreadingModeNonThreaded
Direct3D:
    Version:  Direct3D 11.0 [level 11.1]
    Renderer: NVIDIA GeForce RTX 4050 Laptop GPU (ID=0x28e1)
    Vendor:   NVIDIA
    VRAM:     5921 MB
    Driver:   32.0.15.8157
Initialize mono
Mono path[0] = 'D:/Work/UnityEditors/6000.2.10f1/Editor/Data/Managed'
Mono path[1] = 'D:/Work/UnityEditors/6000.2.10f1/Editor/Data/MonoBleedingEdge/lib/mono/unityjit-win32'
Mono config path = 'D:/Work/UnityEditors/6000.2.10f1/Editor/Data/MonoBleedingEdge/etc'
Using monoOptions --debugger-agent=transport=dt_socket,embedding=1,server=y,suspend=n,address=127.0.0.1:56480
Begin MonoManager ReloadAssembly
Registering precompiled unity dll's ...
Register platform support module: D:/Work/UnityEditors/6000.2.10f1/Editor/Data/PlaybackEngines/WindowsStandaloneSupport/UnityEditor.WindowsStandalone.Extensions.dll
[Licensing::Client] Successfully resolved entitlement details
[Licensing::Module] License group:
  Id: 11270138060550-UnityPersXXXX
  Product: Unity Personal
  Type: Assigned
  Expiration: Unlimited
Register platform support module: D:/Work/UnityEditors/6000.2.10f1/Editor/Data/PlaybackEngines/AndroidPlayer/UnityEditor.Android.Extensions.dll
Registered in 0.010219 seconds.
- Loaded All Assemblies, in  0.331 seconds
Native extension for Android target not found
Android Extension - Scanning For ADB Devices 312 ms
Native extension for WindowsStandalone target not found
Mono: successfully reloaded assembly
- Finished resetting the current domain, in  0.596 seconds
Domain Reload Profiling: 927ms
	BeginReloadAssembly (119ms)
		ExecutionOrderSort (0ms)
		DisableScriptedObjects (0ms)
		BackupInstance (0ms)
		ReleaseScriptingObjects (0ms)
		CreateAndSetChildDomain (1ms)
	RebuildCommonClasses (29ms)
	RebuildNativeTypeToScriptingClass (9ms)
	initialDomainReloadingComplete (44ms)
	LoadAllAssembliesAndSetupDomain (128ms)
		LoadAssemblies (118ms)
		RebuildTransferFunctionScriptingTraits (0ms)
		AnalyzeDomain (126ms)
			TypeCache.Refresh (124ms)
				TypeCache.ScanAssembly (113ms)
			BuildScriptInfoCaches (0ms)
			ResolveRequiredComponents (0ms)
	FinalizeReload (597ms)
		ReleaseScriptCaches (0ms)
		RebuildScriptCaches (0ms)
		SetupLoadedEditorAssemblies (572ms)
			LogAssemblyErrors (0ms)
			InitializePlatformSupportModulesInManaged (394ms)
			SetLoadedEditorAssemblies (3ms)
			BeforeProcessingInitializeOnLoad (50ms)
			ProcessInitializeOnLoadAttributes (87ms)
			ProcessInitializeOnLoadMethodAttributes (39ms)
			AfterProcessingInitializeOnLoad (0ms)
			EditorAssembliesLoaded (0ms)
		ExecutionOrderSort2 (0ms)
		AwakeInstancesAfterBackupRestoration (0ms)
========================================================================
Worker process is ready to serve import requests
Import Worker Mode flag is 0x00
Begin MonoManager ReloadAssembly
[Licensing::Client] Successfully resolved entitlement details
- Loaded All Assemblies, in  0.688 seconds
Refreshing native plugins compatible for Editor in 0.47 ms, found 3 plugins.
Native extension for Android target not found
Native extension for WindowsStandalone target not found
Package Manager log level set to [2]
[Package Manager] Failed to launch server process. Reason: Unity was launched with the -noUpm command-line argument
[Package Manager] Unable to send message (not connected to server process).
[Package Manager] Cannot connect to Unity Package Manager local server
Mono: successfully reloaded assembly
- Finished resetting the current domain, in  0.746 seconds
Domain Reload Profiling: 1434ms
	BeginReloadAssembly (147ms)
		ExecutionOrderSort (0ms)
		DisableScriptedObjects (5ms)
		BackupInstance (0ms)
		ReleaseScriptingObjects (0ms)
		CreateAndSetChildDomain (23ms)
	RebuildCommonClasses (29ms)
	RebuildNativeTypeToScriptingClass (9ms)
	initialDomainReloadingComplete (30ms)
	LoadAllAssembliesAndSetupDomain (472ms)
		LoadAssemblies (307ms)
		RebuildTransferFunctionScriptingTraits (0ms)
		AnalyzeDomain (243ms)
			TypeCache.Refresh (187ms)
				TypeCache.ScanAssembly (170ms)
			BuildScriptInfoCaches (42ms)
			ResolveRequiredComponents (10ms)
	FinalizeReload (746ms)
		ReleaseScriptCaches (0ms)
		RebuildScriptCaches (0ms)
		SetupLoadedEditorAssemblies (565ms)
			LogAssemblyErrors (0ms)
			InitializePlatformSupportModulesInManaged (9ms)
			SetLoadedEditorAssemblies (5ms)
			BeforeProcessingInitializeOnLoad (99ms)
			ProcessInitializeOnLoadAttributes (406ms)
			ProcessInitializeOnLoadMethodAttributes (45ms)
			AfterProcessingInitializeOnLoad (1ms)
			EditorAssembliesLoaded (0ms)
		ExecutionOrderSort2 (0ms)
		AwakeInstancesAfterBackupRestoration (5ms)
Launched and connected shader compiler UnityShaderCompiler.exe after 0.02 seconds
Refreshing native plugins compatible for Editor in 0.57 ms, found 3 plugins.
Preloading 0 native plugins for Editor in 0.00 ms.
Unloading 14 Unused Serialized files (Serialized files now loaded: 0)
Unloading 6441 unused Assets / (4.1 MB). Loaded Objects now: 7173.
Memory consumption went from 188.6 MB to 184.5 MB.
Total: 10.823500 ms (FindLiveObjects: 1.624500 ms CreateObjectMapping: 0.285200 ms MarkObjects: 6.590700 ms  DeleteObjects: 2.322100 ms)

========================================================================
Received Import Request.
  Time since last request: 75524.244792 seconds.
  path: Assets/Polytope Studio/Lowpoly_Environments/Sources/Meshes/Trees/PT_Fruit_Tree_01_apples.fbx
  artifactKey: Guid(fb0559a36ae9650449b6e3c26d5076a5) Importer(815301076,1909f56bfc062723c751e8b465ee728b)
Start importing Assets/Polytope Studio/Lowpoly_Environments/Sources/Meshes/Trees/PT_Fruit_Tree_01_apples.fbx using Guid(fb0559a36ae9650449b6e3c26d5076a5) Importer(815301076,1909f56bfc062723c751e8b465ee728b) (PreviewImporter) -> (artifact id: '1c3ab94463b369de97b38d7ff51ebac7') in 0.442218 seconds
Number of updated asset objects reloaded before import = 0Number of asset objects unloaded after import = 24

========================================================================
Received Import Request.
  Time since last request: 0.000031 seconds.
  path: Assets/Polytope Studio/Lowpoly_Environments/Sources/Meshes/Trees/PT_Fruit_Tree_01_logs.fbx
  artifactKey: Guid(268a14e7ef45f1542a7d335b0a20d200) Importer(815301076,1909f56bfc062723c751e8b465ee728b)
Start importing Assets/Polytope Studio/Lowpoly_Environments/Sources/Meshes/Trees/PT_Fruit_Tree_01_logs.fbx using Guid(268a14e7ef45f1542a7d335b0a20d200) Importer(815301076,1909f56bfc062723c751e8b465ee728b) (PreviewImporter) -> (artifact id: 'bd6bdf2e4fe6fb8a984a5c124a5f3d28') in 0.01938 seconds
Number of updated asset objects reloaded before import = 0Number of asset objects unloaded after import = 9

========================================================================
Received Import Request.
  Time since last request: 0.725161 seconds.
  path: Assets/Polytope Studio/Lowpoly_Environments/Sources/Meshes/Trees/PT_Pine_Tree_03_green.fbx
  artifactKey: Guid(c2dcabc4d03cc9b4098225e59529d20d) Importer(815301076,1909f56bfc062723c751e8b465ee728b)
Start importing Assets/Polytope Studio/Lowpoly_Environments/Sources/Meshes/Trees/PT_Pine_Tree_03_green.fbx using Guid(c2dcabc4d03cc9b4098225e59529d20d) Importer(815301076,1909f56bfc062723c751e8b465ee728b) (PreviewImporter) -> (artifact id: 'c759096aec603ea9da0cb987ca2821aa') in 0.0421474 seconds
Number of updated asset objects reloaded before import = 0Number of asset objects unloaded after import = 24

========================================================================
Received Import Request.
  Time since last request: 1.534795 seconds.
  path: Assets/Polytope Studio/Lowpoly_Environments/Sources/Meshes/Trees/PT_Pine_Tree_03_stump.fbx
  artifactKey: Guid(13bd9962aed9bef41bc2dd73a559c317) Importer(815301076,1909f56bfc062723c751e8b465ee728b)
Start importing Assets/Polytope Studio/Lowpoly_Environments/Sources/Meshes/Trees/PT_Pine_Tree_03_stump.fbx using Guid(13bd9962aed9bef41bc2dd73a559c317) Importer(815301076,1909f56bfc062723c751e8b465ee728b) (PreviewImporter) -> (artifact id: 'd567675a68e731a92b4ca5ae597396d3') in 0.024448 seconds
Number of updated asset objects reloaded before import = 0Number of asset objects unloaded after import = 9

========================================================================
Received Import Request.
  Time since last request: 61.322629 seconds.
  path: Assets/Medieval Buildings and Objects/Prefabs/nature/tree (1).prefab
  artifactKey: Guid(e5c75397acdcd8f45bb2c3575d64ebc2) Importer(815301076,1909f56bfc062723c751e8b465ee728b)
Start importing Assets/Medieval Buildings and Objects/Prefabs/nature/tree (1).prefab using Guid(e5c75397acdcd8f45bb2c3575d64ebc2) Importer(815301076,1909f56bfc062723c751e8b465ee728b) (PreviewImporter) -> (artifact id: '5c4b8088f23b088a2504e97fb6e47697') in 0.0221353 seconds
Number of updated asset objects reloaded before import = 0Number of asset objects unloaded after import = 7

========================================================================
Received Import Request.
  Time since last request: 0.000030 seconds.
  path: Assets/Medieval Buildings and Objects/Prefabs/nature/tree (4).prefab
  artifactKey: Guid(29670e4b6da368f4ca740b5e705a3ccf) Importer(815301076,1909f56bfc062723c751e8b465ee728b)
Start importing Assets/Medieval Buildings and Objects/Prefabs/nature/tree (4).prefab using Guid(29670e4b6da368f4ca740b5e705a3ccf) Importer(815301076,1909f56bfc062723c751e8b465ee728b) (PreviewImporter) -> (artifact id: '0f14e24e617532c9a5a051d6ba67404e') in 0.0135694 seconds
Number of updated asset objects reloaded before import = 0Number of asset objects unloaded after import = 7

========================================================================
Received Import Request.
  Time since last request: 0.417373 seconds.
  path: Assets/Medieval Buildings and Objects/Prefabs/nature/tree (8).prefab
  artifactKey: Guid(682d723c496f9f444aa5b046e4f03cd4) Importer(815301076,1909f56bfc062723c751e8b465ee728b)
Start importing Assets/Medieval Buildings and Objects/Prefabs/nature/tree (8).prefab using Guid(682d723c496f9f444aa5b046e4f03cd4) Importer(815301076,1909f56bfc062723c751e8b465ee728b) (PreviewImporter) -> (artifact id: '56ec4d61bb910e472dbdf2a0f2f74071') in 0.0183547 seconds
Number of updated asset objects reloaded before import = 0Number of asset objects unloaded after import = 7

========================================================================
Received Import Request.
  Time since last request: 0.077815 seconds.
  path: Assets/LPEnviroment/SRPLegacy/Prefabs/tree_01a.prefab
  artifactKey: Guid(5fa30ea53777771449ef9ceeba50a87c) Importer(815301076,1909f56bfc062723c751e8b465ee728b)
Start importing Assets/LPEnviroment/SRPLegacy/Prefabs/tree_01a.prefab using Guid(5fa30ea53777771449ef9ceeba50a87c) Importer(815301076,1909f56bfc062723c751e8b465ee728b) (PreviewImporter) -> (artifact id: '1a812e1c1d92741dfc6b687d33d21f6f') in 0.0833674 seconds
Number of updated asset objects reloaded before import = 0Number of asset objects unloaded after import = 53

========================================================================
Received Import Request.
  Time since last request: 0.000033 seconds.
  path: Assets/LPEnviroment/Meshes/tree_02a.fbx
  artifactKey: Guid(7cf90138dee4c1b44837bdf6932527c2) Importer(815301076,1909f56bfc062723c751e8b465ee728b)
Start importing Assets/LPEnviroment/Meshes/tree_02a.fbx using Guid(7cf90138dee4c1b44837bdf6932527c2) Importer(815301076,1909f56bfc062723c751e8b465ee728b) (PreviewImporter) -> (artifact id: 'd406acba7c41ec094a2a7bbb00897cbf') in 0.0423592 seconds
Number of updated asset objects reloaded before import = 0Number of asset objects unloaded after import = 25

========================================================================
Received Import Request.
  Time since last request: 0.000033 seconds.
  path: Assets/LPEnviroment/SRPLegacy/Prefabs/tree_02b.prefab
  artifactKey: Guid(0ccda943263d46847a04fe4332a806c0) Importer(815301076,1909f56bfc062723c751e8b465ee728b)
Start importing Assets/LPEnviroment/SRPLegacy/Prefabs/tree_02b.prefab using Guid(0ccda943263d46847a04fe4332a806c0) Importer(815301076,1909f56bfc062723c751e8b465ee728b) (PreviewImporter) -> (artifact id: '5d05596d2e6cb7e0feba65f5aeb27e0b') in 0.0235609 seconds
Number of updated asset objects reloaded before import = 0Number of asset objects unloaded after import = 53

========================================================================
Received Import Request.
  Time since last request: 0.451450 seconds.
  path: Assets/Low Poly Medieval Environment Pack/Prefabs/Tree_03.1.prefab
  artifactKey: Guid(d845d40a10f66f54db4e10564b449dba) Importer(815301076,1909f56bfc062723c751e8b465ee728b)
Start importing Assets/Low Poly Medieval Environment Pack/Prefabs/Tree_03.1.prefab using Guid(d845d40a10f66f54db4e10564b449dba) Importer(815301076,1909f56bfc062723c751e8b465ee728b) (PreviewImporter) -> (artifact id: '7b1a4d4c8e52255239077c68af1338e5') in 0.0100189 seconds
Number of updated asset objects reloaded before import = 0Number of asset objects unloaded after import = 16

========================================================================
Received Import Request.
  Time since last request: 0.000025 seconds.
  path: Assets/Low Poly Medieval Environment Pack/Models/Tree_03.2.fbx
  artifactKey: Guid(3712fb406da7c704ebfaf8a42386577f) Importer(815301076,1909f56bfc062723c751e8b465ee728b)
Start importing Assets/Low Poly Medieval Environment Pack/Models/Tree_03.2.fbx using Guid(3712fb406da7c704ebfaf8a42386577f) Importer(815301076,1909f56bfc062723c751e8b465ee728b) (PreviewImporter) -> (artifact id: 'feff3e8bf8b61b157a76547be6bc39ad') in 0.0171475 seconds
Number of updated asset objects reloaded before import = 0Number of asset objects unloaded after import = 9

========================================================================
Received Import Request.
  Time since last request: 0.000034 seconds.
  path: Assets/LPEnviroment/SRPLegacy/Prefabs/tree_03b.prefab
  artifactKey: Guid(6659ac5f722414148a29af4b7d6a61de) Importer(815301076,1909f56bfc062723c751e8b465ee728b)
Start importing Assets/LPEnviroment/SRPLegacy/Prefabs/tree_03b.prefab using Guid(6659ac5f722414148a29af4b7d6a61de) Importer(815301076,1909f56bfc062723c751e8b465ee728b) (PreviewImporter) -> (artifact id: '1d1a04f4ff5ba8e4547f7d8bb0abc5ff') in 0.0212794 seconds
Number of updated asset objects reloaded before import = 0Number of asset objects unloaded after import = 53

========================================================================
Received Import Request.
  Time since last request: 195.143152 seconds.
  path: Assets/GameObject (1) Variant.prefab
  artifactKey: Guid(f38e6fd267fc20041a52af076f562a6d) Importer(815301076,1909f56bfc062723c751e8b465ee728b)
Start importing Assets/GameObject (1) Variant.prefab using Guid(f38e6fd267fc20041a52af076f562a6d) Importer(815301076,1909f56bfc062723c751e8b465ee728b) (PreviewImporter) -> (artifact id: '76aef19811687316426b6ce5d30675e3') in 0.0513704 seconds
Number of updated asset objects reloaded before import = 0Number of asset objects unloaded after import = 650

========================================================================
Received Import Request.
  Time since last request: 0.000037 seconds.
  path: Assets/GameObject (3) Variant.prefab
  artifactKey: Guid(5e3ec64aef846654b99697a93b5e2914) Importer(815301076,1909f56bfc062723c751e8b465ee728b)
Start importing Assets/GameObject (3) Variant.prefab using Guid(5e3ec64aef846654b99697a93b5e2914) Importer(815301076,1909f56bfc062723c751e8b465ee728b) (PreviewImporter) -> (artifact id: '7d96472c3a09d4ec62f645eab61da1a0') in 0.0172977 seconds
Number of updated asset objects reloaded before import = 0Number of asset objects unloaded after import = 650

========================================================================
Received Import Request.
  Time since last request: 0.000051 seconds.
  path: Assets/GameObject (4) Variant.prefab
  artifactKey: Guid(06effe4b36627bb44a8057396c15d276) Importer(815301076,1909f56bfc062723c751e8b465ee728b)
Start importing Assets/GameObject (4) Variant.prefab using Guid(06effe4b36627bb44a8057396c15d276) Importer(815301076,1909f56bfc062723c751e8b465ee728b) (PreviewImporter) -> (artifact id: '3de31e541dee95d2cb6ffe54f0625fa3') in 0.0167346 seconds
Number of updated asset objects reloaded before import = 0Number of asset objects unloaded after import = 650

========================================================================
Received Import Request.
  Time since last request: 0.000028 seconds.
  path: Assets/GameObject Variant.prefab
  artifactKey: Guid(fbbdf520eb1db864babc0ba9b0ef5212) Importer(815301076,1909f56bfc062723c751e8b465ee728b)
Start importing Assets/GameObject Variant.prefab using Guid(fbbdf520eb1db864babc0ba9b0ef5212) Importer(815301076,1909f56bfc062723c751e8b465ee728b) (PreviewImporter) -> (artifact id: 'a89af6282b887bebd85b2c464b71f39d') in 0.0181961 seconds
Number of updated asset objects reloaded before import = 0Number of asset objects unloaded after import = 650

========================================================================
Received Import Request.
  Time since last request: 0.000022 seconds.
  path: Assets/GameObject (12) Variant.prefab
  artifactKey: Guid(e9f9d2c00a3f7744f950f4a408053323) Importer(815301076,1909f56bfc062723c751e8b465ee728b)
Start importing Assets/GameObject (12) Variant.prefab using Guid(e9f9d2c00a3f7744f950f4a408053323) Importer(815301076,1909f56bfc062723c751e8b465ee728b) (PreviewImporter) -> (artifact id: '35d8dd641ac5ae29bc37ed6044e9d927') in 0.0481308 seconds
Number of updated asset objects reloaded before import = 0Number of asset objects unloaded after import = 650

========================================================================
Received Import Request.
  Time since last request: 0.000057 seconds.
  path: Assets/GameObject (6) Variant.prefab
  artifactKey: Guid(215a45ecb5808864781a174a7ef22001) Importer(815301076,1909f56bfc062723c751e8b465ee728b)
Start importing Assets/GameObject (6) Variant.prefab using Guid(215a45ecb5808864781a174a7ef22001) Importer(815301076,1909f56bfc062723c751e8b465ee728b) (PreviewImporter) -> (artifact id: 'a0d173c50cef783db159b5a29885bfc6') in 0.0129119 seconds
Number of updated asset objects reloaded before import = 0Number of asset objects unloaded after import = 650

========================================================================
Received Import Request.
  Time since last request: 0.000037 seconds.
  path: Assets/GameObject (5) Variant.prefab
  artifactKey: Guid(0f8d5ee73bcca5647943ec5cccc9635f) Importer(815301076,1909f56bfc062723c751e8b465ee728b)
Start importing Assets/GameObject (5) Variant.prefab using Guid(0f8d5ee73bcca5647943ec5cccc9635f) Importer(815301076,1909f56bfc062723c751e8b465ee728b) (PreviewImporter) -> (artifact id: '8a9717a448fa50a40d8e423acf017b3b') in 0.0220603 seconds
Number of updated asset objects reloaded before import = 0Number of asset objects unloaded after import = 650

========================================================================
Received Import Request.
  Time since last request: 0.000031 seconds.
  path: Assets/GameObject (13) Variant.prefab
  artifactKey: Guid(bf3f14372f8564c4d9e4408442d93a6c) Importer(815301076,1909f56bfc062723c751e8b465ee728b)
Start importing Assets/GameObject (13) Variant.prefab using Guid(bf3f14372f8564c4d9e4408442d93a6c) Importer(815301076,1909f56bfc062723c751e8b465ee728b) (PreviewImporter) -> (artifact id: '7d590f051ba225d68ef32228065a378a') in 0.0171468 seconds
Number of updated asset objects reloaded before import = 0Number of asset objects unloaded after import = 650

========================================================================
Received Import Request.
  Time since last request: 0.000041 seconds.
  path: Assets/GameObject (15) Variant.prefab
  artifactKey: Guid(8310ccb6c3adbf144baa20234f025038) Importer(815301076,1909f56bfc062723c751e8b465ee728b)
Start importing Assets/GameObject (15) Variant.prefab using Guid(8310ccb6c3adbf144baa20234f025038) Importer(815301076,1909f56bfc062723c751e8b465ee728b) (PreviewImporter) -> (artifact id: '04439dc212cfc41e5f066096dbe780d1') in 0.0176911 seconds
Number of updated asset objects reloaded before import = 0Number of asset objects unloaded after import = 650

========================================================================
Received Import Request.
  Time since last request: 0.000025 seconds.
  path: Assets/GameObject (2) Variant.prefab
  artifactKey: Guid(29555325b3af5464f9cebd1f9c095e4d) Importer(815301076,1909f56bfc062723c751e8b465ee728b)
Start importing Assets/GameObject (2) Variant.prefab using Guid(29555325b3af5464f9cebd1f9c095e4d) Importer(815301076,1909f56bfc062723c751e8b465ee728b) (PreviewImporter) -> (artifact id: '86d48bc156d65e2e8a077b3183d58886') in 0.0187777 seconds
Number of updated asset objects reloaded before import = 0Number of asset objects unloaded after import = 650

========================================================================
Received Import Request.
  Time since last request: 0.000020 seconds.
  path: Assets/GameObject (10) Variant.prefab
  artifactKey: Guid(0759b3da082639b40b50ee5a9332199f) Importer(815301076,1909f56bfc062723c751e8b465ee728b)
Start importing Assets/GameObject (10) Variant.prefab using Guid(0759b3da082639b40b50ee5a9332199f) Importer(815301076,1909f56bfc062723c751e8b465ee728b) (PreviewImporter) -> (artifact id: '2608601b996a106ee33678afbdcc9f40') in 0.0203638 seconds
Number of updated asset objects reloaded before import = 0Number of asset objects unloaded after import = 650

Editor requested this worker to shutdown with reason: Scaling down because of idle timeout
AssetImportWorker is now disconnected from the server
Process exiting
Exiting without the bug reporter. Application will terminate with return code 0